CRITICAL - 2022-07-04 00:50:11 --> syntax error, unexpected '$ROUTE_FILE_UPLOADS' (T_VARIABLE)
in APPPATH\Controllers\Crops.php on line 10.
 1 SYSTEMPATH\Autoloader\Autoloader.php(261): CodeIgniter\Autoloader\Autoloader->includeFile('APPPATH\\Controllers\\Crops.php')
 2 SYSTEMPATH\Autoloader\Autoloader.php(239): CodeIgniter\Autoloader\Autoloader->loadInNamespace('App\\Controllers\\Crops')
 3 [internal function]: CodeIgniter\Autoloader\Autoloader->loadClass('App\\Controllers\\Crops')
 4 [internal function]: spl_autoload_call('App\\Controllers\\Crops')
 5 SYSTEMPATH\CodeIgniter.php(846): class_exists('\\App\\Controllers\\Crops', true)
 6 SYSTEMPATH\CodeIgniter.php(453): CodeIgniter\CodeIgniter->startController()
 7 SYSTEMPATH\CodeIgniter.php(349): CodeIgniter\CodeIgniter->handleRequest(null, Object(Config\Cache), false)
 8 FCPATH\index.php(55): CodeIgniter\CodeIgniter->run()
CRITICAL - 2022-07-04 00:50:33 --> syntax error, unexpected '$ROUTE_FILE_UPLOADS' (T_VARIABLE)
in APPPATH\Controllers\Crops.php on line 10.
 1 SYSTEMPATH\Autoloader\Autoloader.php(261): CodeIgniter\Autoloader\Autoloader->includeFile('APPPATH\\Controllers\\Crops.php')
 2 SYSTEMPATH\Autoloader\Autoloader.php(239): CodeIgniter\Autoloader\Autoloader->loadInNamespace('App\\Controllers\\Crops')
 3 [internal function]: CodeIgniter\Autoloader\Autoloader->loadClass('App\\Controllers\\Crops')
 4 [internal function]: spl_autoload_call('App\\Controllers\\Crops')
 5 SYSTEMPATH\CodeIgniter.php(846): class_exists('\\App\\Controllers\\Crops', true)
 6 SYSTEMPATH\CodeIgniter.php(453): CodeIgniter\CodeIgniter->startController()
 7 SYSTEMPATH\CodeIgniter.php(349): CodeIgniter\CodeIgniter->handleRequest(null, Object(Config\Cache), false)
 8 FCPATH\index.php(55): CodeIgniter\CodeIgniter->run()
CRITICAL - 2022-07-04 01:48:47 --> syntax error, unexpected end of file
in APPPATH\Views\crop\create.php on line 55.
 1 SYSTEMPATH\View\View.php(216): CodeIgniter\View\View->CodeIgniter\View\{closure}()
 2 SYSTEMPATH\Common.php(1135): CodeIgniter\View\View->render('crop/create', [], true)
 3 APPPATH\Controllers\Crops.php(23): view('crop/create', [...])
 4 SYSTEMPATH\CodeIgniter.php(896): App\Controllers\Crops->create()
 5 SYSTEMPATH\CodeIgniter.php(466): CodeIgniter\CodeIgniter->runController(Object(App\Controllers\Crops))
 6 SYSTEMPATH\CodeIgniter.php(349): CodeIgniter\CodeIgniter->handleRequest(null, Object(Config\Cache), false)
 7 FCPATH\index.php(55): CodeIgniter\CodeIgniter->run()
CRITICAL - 2022-07-04 02:01:43 --> syntax error, unexpected end of file
in APPPATH\Views\crop\create.php on line 49.
 1 SYSTEMPATH\View\View.php(216): CodeIgniter\View\View->CodeIgniter\View\{closure}()
 2 SYSTEMPATH\Common.php(1135): CodeIgniter\View\View->render('crop/create', [], true)
 3 APPPATH\Controllers\Crops.php(23): view('crop/create', [...])
 4 SYSTEMPATH\CodeIgniter.php(896): App\Controllers\Crops->create()
 5 SYSTEMPATH\CodeIgniter.php(466): CodeIgniter\CodeIgniter->runController(Object(App\Controllers\Crops))
 6 SYSTEMPATH\CodeIgniter.php(349): CodeIgniter\CodeIgniter->handleRequest(null, Object(Config\Cache), false)
 7 FCPATH\index.php(55): CodeIgniter\CodeIgniter->run()
CRITICAL - 2022-07-04 11:31:02 --> Invalid argument supplied for foreach()
in APPPATH\Views\crop\create.php on line 39.
 1 APPPATH\Views\crop\create.php(39): CodeIgniter\Debug\Exceptions->errorHandler(2, 'Invalid argument supplied for foreach()', 'APPPATH\\Views\\crop\\create.php', 39, [...])
 2 SYSTEMPATH\View\View.php(213): include('APPPATH\\Views\\crop\\create.php')
 3 SYSTEMPATH\View\View.php(216): CodeIgniter\View\View->CodeIgniter\View\{closure}()
 4 SYSTEMPATH\Common.php(1135): CodeIgniter\View\View->render('crop/create', [], true)
 5 APPPATH\Controllers\Crops.php(26): view('crop/create', [...])
 6 SYSTEMPATH\CodeIgniter.php(896): App\Controllers\Crops->create()
 7 SYSTEMPATH\CodeIgniter.php(466): CodeIgniter\CodeIgniter->runController(Object(App\Controllers\Crops))
 8 SYSTEMPATH\CodeIgniter.php(349): CodeIgniter\CodeIgniter->handleRequest(null, Object(Config\Cache), false)
 9 FCPATH\index.php(55): CodeIgniter\CodeIgniter->run()
CRITICAL - 2022-07-04 11:31:57 --> Class 'App\Controllers\CropType' not found
in APPPATH\Controllers\Crops.php on line 22.
 1 SYSTEMPATH\CodeIgniter.php(896): App\Controllers\Crops->create()
 2 SYSTEMPATH\CodeIgniter.php(466): CodeIgniter\CodeIgniter->runController(Object(App\Controllers\Crops))
 3 SYSTEMPATH\CodeIgniter.php(349): CodeIgniter\CodeIgniter->handleRequest(null, Object(Config\Cache), false)
 4 FCPATH\index.php(55): CodeIgniter\CodeIgniter->run()
CRITICAL - 2022-07-04 16:48:38 --> Invalid file: repor/view.php
in SYSTEMPATH\Exceptions\FrameworkException.php on line 33.
 1 SYSTEMPATH\View\View.php(201): CodeIgniter\Exceptions\FrameworkException::forInvalidFile('repor/view.php')
 2 SYSTEMPATH\Common.php(1135): CodeIgniter\View\View->render('repor/view', [], true)
 3 APPPATH\Controllers\Reports.php(13): view('repor/view', [...])
 4 SYSTEMPATH\CodeIgniter.php(896): App\Controllers\Reports->index()
 5 SYSTEMPATH\CodeIgniter.php(466): CodeIgniter\CodeIgniter->runController(Object(App\Controllers\Reports))
 6 SYSTEMPATH\CodeIgniter.php(349): CodeIgniter\CodeIgniter->handleRequest(null, Object(Config\Cache), false)
 7 FCPATH\index.php(55): CodeIgniter\CodeIgniter->run()
