ERROR - 2022-10-03 01:21:52 --> PROCEDURE u986006711_dametubrazo.sp_login does not exist
CRITICAL - 2022-10-03 01:21:52 --> PROCEDURE u986006711_dametubrazo.sp_login does not exist
in SYSTEMPATH/Database/MySQLi/Connection.php on line 292.
 1 SYSTEMPATH/Database/MySQLi/Connection.php(292): mysqli->query()
 2 SYSTEMPATH/Database/BaseConnection.php(695): CodeIgniter\Database\MySQLi\Connection->execute()
 3 SYSTEMPATH/Database/BaseConnection.php(609): CodeIgniter\Database\BaseConnection->simpleQuery()
 4 APPPATH/Models/Login.php(18): CodeIgniter\Database\BaseConnection->query()
 5 APPPATH/Controllers/Authentication/Authentications.php(34): App\Models\Login->sp_login()
 6 SYSTEMPATH/CodeIgniter.php(896): App\Controllers\Authentication\Authentications->login()
 7 SYSTEMPATH/CodeIgniter.php(466): CodeIgniter\CodeIgniter->runController()
 8 SYSTEMPATH/CodeIgniter.php(349): CodeIgniter\CodeIgniter->handleRequest()
 9 FCPATH/index.php(55): CodeIgniter\CodeIgniter->run()
ERROR - 2022-10-03 01:21:53 --> PROCEDURE u986006711_dametubrazo.sp_login does not exist
CRITICAL - 2022-10-03 01:21:53 --> PROCEDURE u986006711_dametubrazo.sp_login does not exist
in SYSTEMPATH/Database/MySQLi/Connection.php on line 292.
 1 SYSTEMPATH/Database/MySQLi/Connection.php(292): mysqli->query()
 2 SYSTEMPATH/Database/BaseConnection.php(695): CodeIgniter\Database\MySQLi\Connection->execute()
 3 SYSTEMPATH/Database/BaseConnection.php(609): CodeIgniter\Database\BaseConnection->simpleQuery()
 4 APPPATH/Models/Login.php(18): CodeIgniter\Database\BaseConnection->query()
 5 APPPATH/Controllers/Authentication/Authentications.php(34): App\Models\Login->sp_login()
 6 SYSTEMPATH/CodeIgniter.php(896): App\Controllers\Authentication\Authentications->login()
 7 SYSTEMPATH/CodeIgniter.php(466): CodeIgniter\CodeIgniter->runController()
 8 SYSTEMPATH/CodeIgniter.php(349): CodeIgniter\CodeIgniter->handleRequest()
 9 FCPATH/index.php(55): CodeIgniter\CodeIgniter->run()
ERROR - 2022-10-03 01:22:41 --> PROCEDURE u986006711_dametubrazo.sp_login does not exist
CRITICAL - 2022-10-03 01:22:41 --> PROCEDURE u986006711_dametubrazo.sp_login does not exist
in SYSTEMPATH/Database/MySQLi/Connection.php on line 292.
 1 SYSTEMPATH/Database/MySQLi/Connection.php(292): mysqli->query()
 2 SYSTEMPATH/Database/BaseConnection.php(695): CodeIgniter\Database\MySQLi\Connection->execute()
 3 SYSTEMPATH/Database/BaseConnection.php(609): CodeIgniter\Database\BaseConnection->simpleQuery()
 4 APPPATH/Models/Login.php(18): CodeIgniter\Database\BaseConnection->query()
 5 APPPATH/Controllers/Authentication/Authentications.php(34): App\Models\Login->sp_login()
 6 SYSTEMPATH/CodeIgniter.php(896): App\Controllers\Authentication\Authentications->login()
 7 SYSTEMPATH/CodeIgniter.php(466): CodeIgniter\CodeIgniter->runController()
 8 SYSTEMPATH/CodeIgniter.php(349): CodeIgniter\CodeIgniter->handleRequest()
 9 FCPATH/index.php(55): CodeIgniter\CodeIgniter->run()
ERROR - 2022-10-03 01:23:21 --> PROCEDURE u986006711_dametubrazo.sp_login does not exist
CRITICAL - 2022-10-03 01:23:21 --> PROCEDURE u986006711_dametubrazo.sp_login does not exist
in SYSTEMPATH/Database/MySQLi/Connection.php on line 292.
 1 SYSTEMPATH/Database/MySQLi/Connection.php(292): mysqli->query()
 2 SYSTEMPATH/Database/BaseConnection.php(695): CodeIgniter\Database\MySQLi\Connection->execute()
 3 SYSTEMPATH/Database/BaseConnection.php(609): CodeIgniter\Database\BaseConnection->simpleQuery()
 4 APPPATH/Models/Login.php(18): CodeIgniter\Database\BaseConnection->query()
 5 APPPATH/Controllers/Authentication/Authentications.php(34): App\Models\Login->sp_login()
 6 SYSTEMPATH/CodeIgniter.php(896): App\Controllers\Authentication\Authentications->login()
 7 SYSTEMPATH/CodeIgniter.php(466): CodeIgniter\CodeIgniter->runController()
 8 SYSTEMPATH/CodeIgniter.php(349): CodeIgniter\CodeIgniter->handleRequest()
 9 FCPATH/index.php(55): CodeIgniter\CodeIgniter->run()
ERROR - 2022-10-03 01:24:08 --> PROCEDURE u986006711_dametubrazo.sp_login does not exist
CRITICAL - 2022-10-03 01:24:08 --> PROCEDURE u986006711_dametubrazo.sp_login does not exist
in SYSTEMPATH/Database/MySQLi/Connection.php on line 292.
 1 SYSTEMPATH/Database/MySQLi/Connection.php(292): mysqli->query()
 2 SYSTEMPATH/Database/BaseConnection.php(695): CodeIgniter\Database\MySQLi\Connection->execute()
 3 SYSTEMPATH/Database/BaseConnection.php(609): CodeIgniter\Database\BaseConnection->simpleQuery()
 4 APPPATH/Models/Login.php(18): CodeIgniter\Database\BaseConnection->query()
 5 APPPATH/Controllers/Authentication/Authentications.php(34): App\Models\Login->sp_login()
 6 SYSTEMPATH/CodeIgniter.php(896): App\Controllers\Authentication\Authentications->login()
 7 SYSTEMPATH/CodeIgniter.php(466): CodeIgniter\CodeIgniter->runController()
 8 SYSTEMPATH/CodeIgniter.php(349): CodeIgniter\CodeIgniter->handleRequest()
 9 FCPATH/index.php(55): CodeIgniter\CodeIgniter->run()
ERROR - 2022-10-03 07:48:52 --> You have an error in your SQL syntax; check the manual that corresponds to your MariaDB server version for the right syntax to use near '7,5)' at line 1
CRITICAL - 2022-10-03 07:48:52 --> Call to a member function getResult() on bool
in APPPATH/Models/Activity_user.php on line 23.
 1 APPPATH/Controllers/Content/Content_infos.php(198): App\Models\Activity_user->setActivity()
 2 SYSTEMPATH/CodeIgniter.php(896): App\Controllers\Content\Content_infos->createQuiz()
 3 SYSTEMPATH/CodeIgniter.php(466): CodeIgniter\CodeIgniter->runController()
 4 SYSTEMPATH/CodeIgniter.php(349): CodeIgniter\CodeIgniter->handleRequest()
 5 FCPATH/index.php(55): CodeIgniter\CodeIgniter->run()
ERROR - 2022-10-03 07:49:05 --> You have an error in your SQL syntax; check the manual that corresponds to your MariaDB server version for the right syntax to use near '7,5)' at line 1
CRITICAL - 2022-10-03 07:49:05 --> Call to a member function getResult() on bool
in APPPATH/Models/Activity_user.php on line 23.
 1 APPPATH/Controllers/Content/Content_infos.php(198): App\Models\Activity_user->setActivity()
 2 SYSTEMPATH/CodeIgniter.php(896): App\Controllers\Content\Content_infos->createQuiz()
 3 SYSTEMPATH/CodeIgniter.php(466): CodeIgniter\CodeIgniter->runController()
 4 SYSTEMPATH/CodeIgniter.php(349): CodeIgniter\CodeIgniter->handleRequest()
 5 FCPATH/index.php(55): CodeIgniter\CodeIgniter->run()
ERROR - 2022-10-03 07:50:21 --> You have an error in your SQL syntax; check the manual that corresponds to your MariaDB server version for the right syntax to use near '7,5)' at line 1
CRITICAL - 2022-10-03 07:50:21 --> Call to a member function getResult() on bool
in APPPATH/Models/Activity_user.php on line 23.
 1 APPPATH/Controllers/Content/Content_infos.php(198): App\Models\Activity_user->setActivity()
 2 SYSTEMPATH/CodeIgniter.php(896): App\Controllers\Content\Content_infos->createQuiz()
 3 SYSTEMPATH/CodeIgniter.php(466): CodeIgniter\CodeIgniter->runController()
 4 SYSTEMPATH/CodeIgniter.php(349): CodeIgniter\CodeIgniter->handleRequest()
 5 FCPATH/index.php(55): CodeIgniter\CodeIgniter->run()
ERROR - 2022-10-03 07:50:59 --> You have an error in your SQL syntax; check the manual that corresponds to your MariaDB server version for the right syntax to use near '7,5)' at line 1
CRITICAL - 2022-10-03 07:50:59 --> Call to a member function getResult() on bool
in APPPATH/Models/Activity_user.php on line 23.
 1 APPPATH/Controllers/Content/Content_infos.php(198): App\Models\Activity_user->setActivity()
 2 SYSTEMPATH/CodeIgniter.php(896): App\Controllers\Content\Content_infos->createQuiz()
 3 SYSTEMPATH/CodeIgniter.php(466): CodeIgniter\CodeIgniter->runController()
 4 SYSTEMPATH/CodeIgniter.php(349): CodeIgniter\CodeIgniter->handleRequest()
 5 FCPATH/index.php(55): CodeIgniter\CodeIgniter->run()
ERROR - 2022-10-03 07:51:36 --> You have an error in your SQL syntax; check the manual that corresponds to your MariaDB server version for the right syntax to use near '7,5)' at line 1
CRITICAL - 2022-10-03 07:51:36 --> Call to a member function getResult() on bool
in APPPATH/Models/Activity_user.php on line 23.
 1 APPPATH/Controllers/Content/Content_infos.php(198): App\Models\Activity_user->setActivity()
 2 SYSTEMPATH/CodeIgniter.php(896): App\Controllers\Content\Content_infos->createQuiz()
 3 SYSTEMPATH/CodeIgniter.php(466): CodeIgniter\CodeIgniter->runController()
 4 SYSTEMPATH/CodeIgniter.php(349): CodeIgniter\CodeIgniter->handleRequest()
 5 FCPATH/index.php(55): CodeIgniter\CodeIgniter->run()
ERROR - 2022-10-03 07:52:53 --> You have an error in your SQL syntax; check the manual that corresponds to your MariaDB server version for the right syntax to use near '7,5)' at line 1
CRITICAL - 2022-10-03 07:52:53 --> Call to a member function getResult() on bool
in APPPATH/Models/Activity_user.php on line 23.
 1 APPPATH/Controllers/Content/Content_infos.php(198): App\Models\Activity_user->setActivity()
 2 SYSTEMPATH/CodeIgniter.php(896): App\Controllers\Content\Content_infos->createQuiz()
 3 SYSTEMPATH/CodeIgniter.php(466): CodeIgniter\CodeIgniter->runController()
 4 SYSTEMPATH/CodeIgniter.php(349): CodeIgniter\CodeIgniter->handleRequest()
 5 FCPATH/index.php(55): CodeIgniter\CodeIgniter->run()
ERROR - 2022-10-03 07:52:56 --> You have an error in your SQL syntax; check the manual that corresponds to your MariaDB server version for the right syntax to use near '7,5)' at line 1
CRITICAL - 2022-10-03 07:52:56 --> Call to a member function getResult() on bool
in APPPATH/Models/Activity_user.php on line 23.
 1 APPPATH/Controllers/Content/Content_infos.php(198): App\Models\Activity_user->setActivity()
 2 SYSTEMPATH/CodeIgniter.php(896): App\Controllers\Content\Content_infos->createQuiz()
 3 SYSTEMPATH/CodeIgniter.php(466): CodeIgniter\CodeIgniter->runController()
 4 SYSTEMPATH/CodeIgniter.php(349): CodeIgniter\CodeIgniter->handleRequest()
 5 FCPATH/index.php(55): CodeIgniter\CodeIgniter->run()
ERROR - 2022-10-03 07:52:57 --> You have an error in your SQL syntax; check the manual that corresponds to your MariaDB server version for the right syntax to use near '7,5)' at line 1
CRITICAL - 2022-10-03 07:52:57 --> Call to a member function getResult() on bool
in APPPATH/Models/Activity_user.php on line 23.
 1 APPPATH/Controllers/Content/Content_infos.php(198): App\Models\Activity_user->setActivity()
 2 SYSTEMPATH/CodeIgniter.php(896): App\Controllers\Content\Content_infos->createQuiz()
 3 SYSTEMPATH/CodeIgniter.php(466): CodeIgniter\CodeIgniter->runController()
 4 SYSTEMPATH/CodeIgniter.php(349): CodeIgniter\CodeIgniter->handleRequest()
 5 FCPATH/index.php(55): CodeIgniter\CodeIgniter->run()
ERROR - 2022-10-03 07:53:02 --> You have an error in your SQL syntax; check the manual that corresponds to your MariaDB server version for the right syntax to use near '7,5)' at line 1
CRITICAL - 2022-10-03 07:53:02 --> Call to a member function getResult() on bool
in APPPATH/Models/Activity_user.php on line 23.
 1 APPPATH/Controllers/Content/Content_infos.php(198): App\Models\Activity_user->setActivity()
 2 SYSTEMPATH/CodeIgniter.php(896): App\Controllers\Content\Content_infos->createQuiz()
 3 SYSTEMPATH/CodeIgniter.php(466): CodeIgniter\CodeIgniter->runController()
 4 SYSTEMPATH/CodeIgniter.php(349): CodeIgniter\CodeIgniter->handleRequest()
 5 FCPATH/index.php(55): CodeIgniter\CodeIgniter->run()
ERROR - 2022-10-03 08:09:28 --> You have an error in your SQL syntax; check the manual that corresponds to your MariaDB server version for the right syntax to use near ''2')' at line 1
CRITICAL - 2022-10-03 08:09:28 --> Call to a member function getResult() on bool
in APPPATH/Models/User_score.php on line 17.
 1 APPPATH/Controllers/Content/Content_infos.php(200): App\Models\User_score->insert_score_quiz()
 2 SYSTEMPATH/CodeIgniter.php(896): App\Controllers\Content\Content_infos->createQuiz()
 3 SYSTEMPATH/CodeIgniter.php(466): CodeIgniter\CodeIgniter->runController()
 4 SYSTEMPATH/CodeIgniter.php(349): CodeIgniter\CodeIgniter->handleRequest()
 5 FCPATH/index.php(55): CodeIgniter\CodeIgniter->run()
ERROR - 2022-10-03 08:52:37 --> You have an error in your SQL syntax; check the manual that corresponds to your MariaDB server version for the right syntax to use near '7,5)' at line 1
CRITICAL - 2022-10-03 08:52:37 --> Call to a member function getResult() on bool
in APPPATH/Models/Activity_user.php on line 23.
 1 APPPATH/Controllers/Content/Content_infos.php(198): App\Models\Activity_user->setActivity()
 2 SYSTEMPATH/CodeIgniter.php(896): App\Controllers\Content\Content_infos->createQuiz()
 3 SYSTEMPATH/CodeIgniter.php(466): CodeIgniter\CodeIgniter->runController()
 4 SYSTEMPATH/CodeIgniter.php(349): CodeIgniter\CodeIgniter->handleRequest()
 5 FCPATH/index.php(55): CodeIgniter\CodeIgniter->run()
ERROR - 2022-10-03 08:53:51 --> You have an error in your SQL syntax; check the manual that corresponds to your MariaDB server version for the right syntax to use near '7,5)' at line 1
CRITICAL - 2022-10-03 08:53:51 --> Call to a member function getResult() on bool
in APPPATH/Models/Activity_user.php on line 23.
 1 APPPATH/Controllers/Content/Content_infos.php(198): App\Models\Activity_user->setActivity()
 2 SYSTEMPATH/CodeIgniter.php(896): App\Controllers\Content\Content_infos->createQuiz()
 3 SYSTEMPATH/CodeIgniter.php(466): CodeIgniter\CodeIgniter->runController()
 4 SYSTEMPATH/CodeIgniter.php(349): CodeIgniter\CodeIgniter->handleRequest()
 5 FCPATH/index.php(55): CodeIgniter\CodeIgniter->run()
ERROR - 2022-10-03 08:53:54 --> You have an error in your SQL syntax; check the manual that corresponds to your MariaDB server version for the right syntax to use near '7,5)' at line 1
CRITICAL - 2022-10-03 08:53:54 --> Call to a member function getResult() on bool
in APPPATH/Models/Activity_user.php on line 23.
 1 APPPATH/Controllers/Content/Content_infos.php(198): App\Models\Activity_user->setActivity()
 2 SYSTEMPATH/CodeIgniter.php(896): App\Controllers\Content\Content_infos->createQuiz()
 3 SYSTEMPATH/CodeIgniter.php(466): CodeIgniter\CodeIgniter->runController()
 4 SYSTEMPATH/CodeIgniter.php(349): CodeIgniter\CodeIgniter->handleRequest()
 5 FCPATH/index.php(55): CodeIgniter\CodeIgniter->run()
CRITICAL - 2022-10-03 08:56:43 --> Invalid file: login/view.php
in SYSTEMPATH/Exceptions/FrameworkException.php on line 33.
 1 SYSTEMPATH/View/View.php(201): CodeIgniter\Exceptions\FrameworkException::forInvalidFile()
 2 SYSTEMPATH/Common.php(1135): CodeIgniter\View\View->render()
 3 APPPATH/Controllers/Content/Content_infos.php(75): view()
 4 SYSTEMPATH/CodeIgniter.php(896): App\Controllers\Content\Content_infos->showModule()
 5 SYSTEMPATH/CodeIgniter.php(466): CodeIgniter\CodeIgniter->runController()
 6 SYSTEMPATH/CodeIgniter.php(349): CodeIgniter\CodeIgniter->handleRequest()
 7 FCPATH/index.php(55): CodeIgniter\CodeIgniter->run()
ERROR - 2022-10-03 08:57:00 --> You have an error in your SQL syntax; check the manual that corresponds to your MariaDB server version for the right syntax to use near '7,5)' at line 1
CRITICAL - 2022-10-03 08:57:00 --> Call to a member function getResult() on bool
in APPPATH/Models/Activity_user.php on line 23.
 1 APPPATH/Controllers/Content/Content_infos.php(198): App\Models\Activity_user->setActivity()
 2 SYSTEMPATH/CodeIgniter.php(896): App\Controllers\Content\Content_infos->createQuiz()
 3 SYSTEMPATH/CodeIgniter.php(466): CodeIgniter\CodeIgniter->runController()
 4 SYSTEMPATH/CodeIgniter.php(349): CodeIgniter\CodeIgniter->handleRequest()
 5 FCPATH/index.php(55): CodeIgniter\CodeIgniter->run()
ERROR - 2022-10-03 09:05:24 --> You have an error in your SQL syntax; check the manual that corresponds to your MariaDB server version for the right syntax to use near ''0')' at line 1
CRITICAL - 2022-10-03 09:05:24 --> Call to a member function getResult() on bool
in APPPATH/Models/User_score.php on line 17.
 1 APPPATH/Controllers/Content/Content_infos.php(200): App\Models\User_score->insert_score_quiz()
 2 SYSTEMPATH/CodeIgniter.php(896): App\Controllers\Content\Content_infos->createQuiz()
 3 SYSTEMPATH/CodeIgniter.php(466): CodeIgniter\CodeIgniter->runController()
 4 SYSTEMPATH/CodeIgniter.php(349): CodeIgniter\CodeIgniter->handleRequest()
 5 FCPATH/index.php(55): CodeIgniter\CodeIgniter->run()
ERROR - 2022-10-03 09:26:43 --> Illegal mix of collations (utf8mb4_general_ci,IMPLICIT) and (utf8mb4_unicode_ci,IMPLICIT) for operation '<'
CRITICAL - 2022-10-03 09:26:43 --> Call to a member function getResult() on bool
in APPPATH/Models/User_score.php on line 17.
 1 APPPATH/Controllers/Content/Content_infos.php(203): App\Models\User_score->insert_score_quiz()
 2 SYSTEMPATH/CodeIgniter.php(896): App\Controllers\Content\Content_infos->createQuiz()
 3 SYSTEMPATH/CodeIgniter.php(466): CodeIgniter\CodeIgniter->runController()
 4 SYSTEMPATH/CodeIgniter.php(349): CodeIgniter\CodeIgniter->handleRequest()
 5 FCPATH/index.php(55): CodeIgniter\CodeIgniter->run()
ERROR - 2022-10-03 09:27:18 --> Illegal mix of collations (utf8mb4_general_ci,IMPLICIT) and (utf8mb4_unicode_ci,IMPLICIT) for operation '<'
CRITICAL - 2022-10-03 09:27:18 --> Call to a member function getResult() on bool
in APPPATH/Models/User_score.php on line 17.
 1 APPPATH/Controllers/Content/Content_infos.php(203): App\Models\User_score->insert_score_quiz()
 2 SYSTEMPATH/CodeIgniter.php(896): App\Controllers\Content\Content_infos->createQuiz()
 3 SYSTEMPATH/CodeIgniter.php(466): CodeIgniter\CodeIgniter->runController()
 4 SYSTEMPATH/CodeIgniter.php(349): CodeIgniter\CodeIgniter->handleRequest()
 5 FCPATH/index.php(55): CodeIgniter\CodeIgniter->run()
ERROR - 2022-10-03 09:28:57 --> Illegal mix of collations (utf8mb4_general_ci,IMPLICIT) and (utf8mb4_unicode_ci,IMPLICIT) for operation '<'
CRITICAL - 2022-10-03 09:28:57 --> Call to a member function getResult() on bool
in APPPATH/Models/User_score.php on line 17.
 1 APPPATH/Controllers/Content/Content_infos.php(203): App\Models\User_score->insert_score_quiz()
 2 SYSTEMPATH/CodeIgniter.php(896): App\Controllers\Content\Content_infos->createQuiz()
 3 SYSTEMPATH/CodeIgniter.php(466): CodeIgniter\CodeIgniter->runController()
 4 SYSTEMPATH/CodeIgniter.php(349): CodeIgniter\CodeIgniter->handleRequest()
 5 FCPATH/index.php(55): CodeIgniter\CodeIgniter->run()
ERROR - 2022-10-03 09:29:30 --> Illegal mix of collations (utf8mb4_general_ci,IMPLICIT) and (utf8mb4_unicode_ci,IMPLICIT) for operation '<'
CRITICAL - 2022-10-03 09:29:30 --> Call to a member function getResult() on bool
in APPPATH/Models/User_score.php on line 17.
 1 APPPATH/Controllers/Content/Content_infos.php(203): App\Models\User_score->insert_score_quiz()
 2 SYSTEMPATH/CodeIgniter.php(896): App\Controllers\Content\Content_infos->createQuiz()
 3 SYSTEMPATH/CodeIgniter.php(466): CodeIgniter\CodeIgniter->runController()
 4 SYSTEMPATH/CodeIgniter.php(349): CodeIgniter\CodeIgniter->handleRequest()
 5 FCPATH/index.php(55): CodeIgniter\CodeIgniter->run()
ERROR - 2022-10-03 09:30:19 --> Illegal mix of collations (utf8mb4_general_ci,IMPLICIT) and (utf8mb4_unicode_ci,IMPLICIT) for operation '<'
CRITICAL - 2022-10-03 09:30:19 --> Call to a member function getResult() on bool
in APPPATH/Models/User_score.php on line 17.
 1 APPPATH/Controllers/Content/Content_infos.php(203): App\Models\User_score->insert_score_quiz()
 2 SYSTEMPATH/CodeIgniter.php(896): App\Controllers\Content\Content_infos->createQuiz()
 3 SYSTEMPATH/CodeIgniter.php(466): CodeIgniter\CodeIgniter->runController()
 4 SYSTEMPATH/CodeIgniter.php(349): CodeIgniter\CodeIgniter->handleRequest()
 5 FCPATH/index.php(55): CodeIgniter\CodeIgniter->run()
ERROR - 2022-10-03 09:35:18 --> Illegal mix of collations (utf8mb4_general_ci,IMPLICIT) and (utf8mb4_unicode_ci,IMPLICIT) for operation '<'
CRITICAL - 2022-10-03 09:35:18 --> Call to a member function getResult() on bool
in APPPATH/Models/User_score.php on line 17.
 1 APPPATH/Controllers/Content/Content_infos.php(203): App\Models\User_score->insert_score_quiz()
 2 SYSTEMPATH/CodeIgniter.php(896): App\Controllers\Content\Content_infos->createQuiz()
 3 SYSTEMPATH/CodeIgniter.php(466): CodeIgniter\CodeIgniter->runController()
 4 SYSTEMPATH/CodeIgniter.php(349): CodeIgniter\CodeIgniter->handleRequest()
 5 FCPATH/index.php(55): CodeIgniter\CodeIgniter->run()
ERROR - 2022-10-03 09:36:02 --> Illegal mix of collations (utf8mb4_general_ci,IMPLICIT) and (utf8mb4_unicode_ci,IMPLICIT) for operation '<'
CRITICAL - 2022-10-03 09:36:02 --> Call to a member function getResult() on bool
in APPPATH/Models/User_score.php on line 17.
 1 APPPATH/Controllers/Content/Content_infos.php(203): App\Models\User_score->insert_score_quiz()
 2 SYSTEMPATH/CodeIgniter.php(896): App\Controllers\Content\Content_infos->createQuiz()
 3 SYSTEMPATH/CodeIgniter.php(466): CodeIgniter\CodeIgniter->runController()
 4 SYSTEMPATH/CodeIgniter.php(349): CodeIgniter\CodeIgniter->handleRequest()
 5 FCPATH/index.php(55): CodeIgniter\CodeIgniter->run()
ERROR - 2022-10-03 09:37:35 --> Illegal mix of collations (utf8mb4_general_ci,IMPLICIT) and (utf8mb4_unicode_ci,IMPLICIT) for operation '<'
CRITICAL - 2022-10-03 09:37:35 --> Call to a member function getResult() on bool
in APPPATH/Models/User_score.php on line 17.
 1 APPPATH/Controllers/Content/Content_infos.php(203): App\Models\User_score->insert_score_quiz()
 2 SYSTEMPATH/CodeIgniter.php(896): App\Controllers\Content\Content_infos->createQuiz()
 3 SYSTEMPATH/CodeIgniter.php(466): CodeIgniter\CodeIgniter->runController()
 4 SYSTEMPATH/CodeIgniter.php(349): CodeIgniter\CodeIgniter->handleRequest()
 5 FCPATH/index.php(55): CodeIgniter\CodeIgniter->run()
ERROR - 2022-10-03 09:44:00 --> Illegal mix of collations (utf8mb4_general_ci,IMPLICIT) and (utf8mb4_unicode_ci,IMPLICIT) for operation '<'
CRITICAL - 2022-10-03 09:44:00 --> Call to a member function getResult() on bool
in APPPATH/Models/User_score.php on line 17.
 1 APPPATH/Controllers/Content/Content_infos.php(203): App\Models\User_score->insert_score_quiz()
 2 SYSTEMPATH/CodeIgniter.php(896): App\Controllers\Content\Content_infos->createQuiz()
 3 SYSTEMPATH/CodeIgniter.php(466): CodeIgniter\CodeIgniter->runController()
 4 SYSTEMPATH/CodeIgniter.php(349): CodeIgniter\CodeIgniter->handleRequest()
 5 FCPATH/index.php(55): CodeIgniter\CodeIgniter->run()
CRITICAL - 2022-10-03 13:48:34 --> Invalid file: login/view.php
in SYSTEMPATH/Exceptions/FrameworkException.php on line 33.
 1 SYSTEMPATH/View/View.php(201): CodeIgniter\Exceptions\FrameworkException::forInvalidFile()
 2 SYSTEMPATH/Common.php(1135): CodeIgniter\View\View->render()
 3 APPPATH/Controllers/Content/Content_infos.php(151): view()
 4 SYSTEMPATH/CodeIgniter.php(896): App\Controllers\Content\Content_infos->showContent()
 5 SYSTEMPATH/CodeIgniter.php(466): CodeIgniter\CodeIgniter->runController()
 6 SYSTEMPATH/CodeIgniter.php(349): CodeIgniter\CodeIgniter->handleRequest()
 7 FCPATH/index.php(55): CodeIgniter\CodeIgniter->run()
ERROR - 2022-10-03 15:11:13 --> Illegal mix of collations (utf8mb4_general_ci,IMPLICIT) and (utf8mb4_unicode_ci,IMPLICIT) for operation '<'
CRITICAL - 2022-10-03 15:11:13 --> Call to a member function getResult() on bool
in APPPATH/Models/User_score.php on line 17.
 1 APPPATH/Controllers/Content/Content_infos.php(203): App\Models\User_score->insert_score_quiz()
 2 SYSTEMPATH/CodeIgniter.php(896): App\Controllers\Content\Content_infos->createQuiz()
 3 SYSTEMPATH/CodeIgniter.php(466): CodeIgniter\CodeIgniter->runController()
 4 SYSTEMPATH/CodeIgniter.php(349): CodeIgniter\CodeIgniter->handleRequest()
 5 FCPATH/index.php(55): CodeIgniter\CodeIgniter->run()
ERROR - 2022-10-03 15:11:18 --> Illegal mix of collations (utf8mb4_general_ci,IMPLICIT) and (utf8mb4_unicode_ci,IMPLICIT) for operation '<'
CRITICAL - 2022-10-03 15:11:18 --> Call to a member function getResult() on bool
in APPPATH/Models/User_score.php on line 17.
 1 APPPATH/Controllers/Content/Content_infos.php(203): App\Models\User_score->insert_score_quiz()
 2 SYSTEMPATH/CodeIgniter.php(896): App\Controllers\Content\Content_infos->createQuiz()
 3 SYSTEMPATH/CodeIgniter.php(466): CodeIgniter\CodeIgniter->runController()
 4 SYSTEMPATH/CodeIgniter.php(349): CodeIgniter\CodeIgniter->handleRequest()
 5 FCPATH/index.php(55): CodeIgniter\CodeIgniter->run()
ERROR - 2022-10-03 16:34:54 --> Illegal mix of collations (utf8mb4_general_ci,IMPLICIT) and (utf8mb4_unicode_ci,IMPLICIT) for operation '<'
CRITICAL - 2022-10-03 16:34:54 --> Call to a member function getResult() on bool
in APPPATH/Models/User_score.php on line 17.
 1 APPPATH/Controllers/Content/Content_infos.php(203): App\Models\User_score->insert_score_quiz()
 2 SYSTEMPATH/CodeIgniter.php(896): App\Controllers\Content\Content_infos->createQuiz()
 3 SYSTEMPATH/CodeIgniter.php(466): CodeIgniter\CodeIgniter->runController()
 4 SYSTEMPATH/CodeIgniter.php(349): CodeIgniter\CodeIgniter->handleRequest()
 5 FCPATH/index.php(55): CodeIgniter\CodeIgniter->run()
ERROR - 2022-10-03 19:08:10 --> Illegal mix of collations (utf8mb4_general_ci,IMPLICIT) and (utf8mb4_unicode_ci,IMPLICIT) for operation '<'
CRITICAL - 2022-10-03 19:08:10 --> Call to a member function getResult() on bool
in APPPATH/Models/User_score.php on line 17.
 1 APPPATH/Controllers/Content/Content_infos.php(203): App\Models\User_score->insert_score_quiz()
 2 SYSTEMPATH/CodeIgniter.php(896): App\Controllers\Content\Content_infos->createQuiz()
 3 SYSTEMPATH/CodeIgniter.php(466): CodeIgniter\CodeIgniter->runController()
 4 SYSTEMPATH/CodeIgniter.php(349): CodeIgniter\CodeIgniter->handleRequest()
 5 FCPATH/index.php(55): CodeIgniter\CodeIgniter->run()
ERROR - 2022-10-03 19:08:19 --> Illegal mix of collations (utf8mb4_general_ci,IMPLICIT) and (utf8mb4_unicode_ci,IMPLICIT) for operation '<'
CRITICAL - 2022-10-03 19:08:19 --> Call to a member function getResult() on bool
in APPPATH/Models/User_score.php on line 17.
 1 APPPATH/Controllers/Content/Content_infos.php(203): App\Models\User_score->insert_score_quiz()
 2 SYSTEMPATH/CodeIgniter.php(896): App\Controllers\Content\Content_infos->createQuiz()
 3 SYSTEMPATH/CodeIgniter.php(466): CodeIgniter\CodeIgniter->runController()
 4 SYSTEMPATH/CodeIgniter.php(349): CodeIgniter\CodeIgniter->handleRequest()
 5 FCPATH/index.php(55): CodeIgniter\CodeIgniter->run()
ERROR - 2022-10-03 19:10:47 --> Illegal mix of collations (utf8mb4_general_ci,IMPLICIT) and (utf8mb4_unicode_ci,IMPLICIT) for operation '<'
CRITICAL - 2022-10-03 19:10:47 --> Call to a member function getResult() on bool
in APPPATH/Models/User_score.php on line 17.
 1 APPPATH/Controllers/Content/Content_infos.php(203): App\Models\User_score->insert_score_quiz()
 2 SYSTEMPATH/CodeIgniter.php(896): App\Controllers\Content\Content_infos->createQuiz()
 3 SYSTEMPATH/CodeIgniter.php(466): CodeIgniter\CodeIgniter->runController()
 4 SYSTEMPATH/CodeIgniter.php(349): CodeIgniter\CodeIgniter->handleRequest()
 5 FCPATH/index.php(55): CodeIgniter\CodeIgniter->run()
CRITICAL - 2022-10-03 19:20:29 --> Invalid file: login/view.php
in SYSTEMPATH/Exceptions/FrameworkException.php on line 33.
 1 SYSTEMPATH/View/View.php(201): CodeIgniter\Exceptions\FrameworkException::forInvalidFile()
 2 SYSTEMPATH/Common.php(1135): CodeIgniter\View\View->render()
 3 APPPATH/Controllers/Content/Content_infos.php(151): view()
 4 SYSTEMPATH/CodeIgniter.php(896): App\Controllers\Content\Content_infos->showContent()
 5 SYSTEMPATH/CodeIgniter.php(466): CodeIgniter\CodeIgniter->runController()
 6 SYSTEMPATH/CodeIgniter.php(349): CodeIgniter\CodeIgniter->handleRequest()
 7 FCPATH/index.php(55): CodeIgniter\CodeIgniter->run()
ERROR - 2022-10-03 19:30:22 --> Illegal mix of collations (utf8mb4_general_ci,IMPLICIT) and (utf8mb4_unicode_ci,IMPLICIT) for operation '<'
CRITICAL - 2022-10-03 19:30:22 --> Call to a member function getResult() on bool
in APPPATH/Models/User_score.php on line 17.
 1 APPPATH/Controllers/Content/Content_infos.php(203): App\Models\User_score->insert_score_quiz()
 2 SYSTEMPATH/CodeIgniter.php(896): App\Controllers\Content\Content_infos->createQuiz()
 3 SYSTEMPATH/CodeIgniter.php(466): CodeIgniter\CodeIgniter->runController()
 4 SYSTEMPATH/CodeIgniter.php(349): CodeIgniter\CodeIgniter->handleRequest()
 5 FCPATH/index.php(55): CodeIgniter\CodeIgniter->run()
ERROR - 2022-10-03 19:30:30 --> Illegal mix of collations (utf8mb4_general_ci,IMPLICIT) and (utf8mb4_unicode_ci,IMPLICIT) for operation '<'
CRITICAL - 2022-10-03 19:30:30 --> Call to a member function getResult() on bool
in APPPATH/Models/User_score.php on line 17.
 1 APPPATH/Controllers/Content/Content_infos.php(203): App\Models\User_score->insert_score_quiz()
 2 SYSTEMPATH/CodeIgniter.php(896): App\Controllers\Content\Content_infos->createQuiz()
 3 SYSTEMPATH/CodeIgniter.php(466): CodeIgniter\CodeIgniter->runController()
 4 SYSTEMPATH/CodeIgniter.php(349): CodeIgniter\CodeIgniter->handleRequest()
 5 FCPATH/index.php(55): CodeIgniter\CodeIgniter->run()
CRITICAL - 2022-10-03 19:43:44 --> Invalid file: login/view.php
in SYSTEMPATH/Exceptions/FrameworkException.php on line 33.
 1 SYSTEMPATH/View/View.php(201): CodeIgniter\Exceptions\FrameworkException::forInvalidFile()
 2 SYSTEMPATH/Common.php(1135): CodeIgniter\View\View->render()
 3 APPPATH/Controllers/Content/Content_infos.php(151): view()
 4 SYSTEMPATH/CodeIgniter.php(896): App\Controllers\Content\Content_infos->showContent()
 5 SYSTEMPATH/CodeIgniter.php(466): CodeIgniter\CodeIgniter->runController()
 6 SYSTEMPATH/CodeIgniter.php(349): CodeIgniter\CodeIgniter->handleRequest()
 7 FCPATH/index.php(55): CodeIgniter\CodeIgniter->run()
CRITICAL - 2022-10-03 21:19:41 --> Invalid file: login/view.php
in SYSTEMPATH/Exceptions/FrameworkException.php on line 33.
 1 SYSTEMPATH/View/View.php(201): CodeIgniter\Exceptions\FrameworkException::forInvalidFile()
 2 SYSTEMPATH/Common.php(1135): CodeIgniter\View\View->render()
 3 APPPATH/Controllers/Content/Content_infos.php(151): view()
 4 SYSTEMPATH/CodeIgniter.php(896): App\Controllers\Content\Content_infos->showContent()
 5 SYSTEMPATH/CodeIgniter.php(466): CodeIgniter\CodeIgniter->runController()
 6 SYSTEMPATH/CodeIgniter.php(349): CodeIgniter\CodeIgniter->handleRequest()
 7 FCPATH/index.php(55): CodeIgniter\CodeIgniter->run()
ERROR - 2022-10-03 21:20:17 --> Illegal mix of collations (utf8mb4_general_ci,IMPLICIT) and (utf8mb4_unicode_ci,IMPLICIT) for operation '<'
CRITICAL - 2022-10-03 21:20:17 --> Call to a member function getResult() on bool
in APPPATH/Models/User_score.php on line 17.
 1 APPPATH/Controllers/Content/Content_infos.php(203): App\Models\User_score->insert_score_quiz()
 2 SYSTEMPATH/CodeIgniter.php(896): App\Controllers\Content\Content_infos->createQuiz()
 3 SYSTEMPATH/CodeIgniter.php(466): CodeIgniter\CodeIgniter->runController()
 4 SYSTEMPATH/CodeIgniter.php(349): CodeIgniter\CodeIgniter->handleRequest()
 5 FCPATH/index.php(55): CodeIgniter\CodeIgniter->run()
ERROR - 2022-10-03 21:20:22 --> Illegal mix of collations (utf8mb4_general_ci,IMPLICIT) and (utf8mb4_unicode_ci,IMPLICIT) for operation '<'
CRITICAL - 2022-10-03 21:20:22 --> Call to a member function getResult() on bool
in APPPATH/Models/User_score.php on line 17.
 1 APPPATH/Controllers/Content/Content_infos.php(203): App\Models\User_score->insert_score_quiz()
 2 SYSTEMPATH/CodeIgniter.php(896): App\Controllers\Content\Content_infos->createQuiz()
 3 SYSTEMPATH/CodeIgniter.php(466): CodeIgniter\CodeIgniter->runController()
 4 SYSTEMPATH/CodeIgniter.php(349): CodeIgniter\CodeIgniter->handleRequest()
 5 FCPATH/index.php(55): CodeIgniter\CodeIgniter->run()
ERROR - 2022-10-03 21:20:26 --> Illegal mix of collations (utf8mb4_general_ci,IMPLICIT) and (utf8mb4_unicode_ci,IMPLICIT) for operation '<'
CRITICAL - 2022-10-03 21:20:26 --> Call to a member function getResult() on bool
in APPPATH/Models/User_score.php on line 17.
 1 APPPATH/Controllers/Content/Content_infos.php(203): App\Models\User_score->insert_score_quiz()
 2 SYSTEMPATH/CodeIgniter.php(896): App\Controllers\Content\Content_infos->createQuiz()
 3 SYSTEMPATH/CodeIgniter.php(466): CodeIgniter\CodeIgniter->runController()
 4 SYSTEMPATH/CodeIgniter.php(349): CodeIgniter\CodeIgniter->handleRequest()
 5 FCPATH/index.php(55): CodeIgniter\CodeIgniter->run()
ERROR - 2022-10-03 21:20:38 --> Illegal mix of collations (utf8mb4_general_ci,IMPLICIT) and (utf8mb4_unicode_ci,IMPLICIT) for operation '<'
CRITICAL - 2022-10-03 21:20:38 --> Call to a member function getResult() on bool
in APPPATH/Models/User_score.php on line 17.
 1 APPPATH/Controllers/Content/Content_infos.php(203): App\Models\User_score->insert_score_quiz()
 2 SYSTEMPATH/CodeIgniter.php(896): App\Controllers\Content\Content_infos->createQuiz()
 3 SYSTEMPATH/CodeIgniter.php(466): CodeIgniter\CodeIgniter->runController()
 4 SYSTEMPATH/CodeIgniter.php(349): CodeIgniter\CodeIgniter->handleRequest()
 5 FCPATH/index.php(55): CodeIgniter\CodeIgniter->run()
ERROR - 2022-10-03 21:20:44 --> Illegal mix of collations (utf8mb4_general_ci,IMPLICIT) and (utf8mb4_unicode_ci,IMPLICIT) for operation '<'
CRITICAL - 2022-10-03 21:20:44 --> Call to a member function getResult() on bool
in APPPATH/Models/User_score.php on line 17.
 1 APPPATH/Controllers/Content/Content_infos.php(203): App\Models\User_score->insert_score_quiz()
 2 SYSTEMPATH/CodeIgniter.php(896): App\Controllers\Content\Content_infos->createQuiz()
 3 SYSTEMPATH/CodeIgniter.php(466): CodeIgniter\CodeIgniter->runController()
 4 SYSTEMPATH/CodeIgniter.php(349): CodeIgniter\CodeIgniter->handleRequest()
 5 FCPATH/index.php(55): CodeIgniter\CodeIgniter->run()
CRITICAL - 2022-10-03 21:20:47 --> Invalid file: login/view.php
in SYSTEMPATH/Exceptions/FrameworkException.php on line 33.
 1 SYSTEMPATH/View/View.php(201): CodeIgniter\Exceptions\FrameworkException::forInvalidFile()
 2 SYSTEMPATH/Common.php(1135): CodeIgniter\View\View->render()
 3 APPPATH/Controllers/Content/Content_infos.php(151): view()
 4 SYSTEMPATH/CodeIgniter.php(896): App\Controllers\Content\Content_infos->showContent()
 5 SYSTEMPATH/CodeIgniter.php(466): CodeIgniter\CodeIgniter->runController()
 6 SYSTEMPATH/CodeIgniter.php(349): CodeIgniter\CodeIgniter->handleRequest()
 7 FCPATH/index.php(55): CodeIgniter\CodeIgniter->run()
CRITICAL - 2022-10-03 21:20:51 --> Invalid file: login/view.php
in SYSTEMPATH/Exceptions/FrameworkException.php on line 33.
 1 SYSTEMPATH/View/View.php(201): CodeIgniter\Exceptions\FrameworkException::forInvalidFile()
 2 SYSTEMPATH/Common.php(1135): CodeIgniter\View\View->render()
 3 APPPATH/Controllers/Content/Content_infos.php(151): view()
 4 SYSTEMPATH/CodeIgniter.php(896): App\Controllers\Content\Content_infos->showContent()
 5 SYSTEMPATH/CodeIgniter.php(466): CodeIgniter\CodeIgniter->runController()
 6 SYSTEMPATH/CodeIgniter.php(349): CodeIgniter\CodeIgniter->handleRequest()
 7 FCPATH/index.php(55): CodeIgniter\CodeIgniter->run()
ERROR - 2022-10-03 21:22:29 --> Illegal mix of collations (utf8mb4_general_ci,IMPLICIT) and (utf8mb4_unicode_ci,IMPLICIT) for operation '<'
CRITICAL - 2022-10-03 21:22:29 --> Call to a member function getResult() on bool
in APPPATH/Models/User_score.php on line 17.
 1 APPPATH/Controllers/Content/Content_infos.php(203): App\Models\User_score->insert_score_quiz()
 2 SYSTEMPATH/CodeIgniter.php(896): App\Controllers\Content\Content_infos->createQuiz()
 3 SYSTEMPATH/CodeIgniter.php(466): CodeIgniter\CodeIgniter->runController()
 4 SYSTEMPATH/CodeIgniter.php(349): CodeIgniter\CodeIgniter->handleRequest()
 5 FCPATH/index.php(55): CodeIgniter\CodeIgniter->run()
ERROR - 2022-10-03 21:22:31 --> Illegal mix of collations (utf8mb4_general_ci,IMPLICIT) and (utf8mb4_unicode_ci,IMPLICIT) for operation '<'
CRITICAL - 2022-10-03 21:22:31 --> Call to a member function getResult() on bool
in APPPATH/Models/User_score.php on line 17.
 1 APPPATH/Controllers/Content/Content_infos.php(203): App\Models\User_score->insert_score_quiz()
 2 SYSTEMPATH/CodeIgniter.php(896): App\Controllers\Content\Content_infos->createQuiz()
 3 SYSTEMPATH/CodeIgniter.php(466): CodeIgniter\CodeIgniter->runController()
 4 SYSTEMPATH/CodeIgniter.php(349): CodeIgniter\CodeIgniter->handleRequest()
 5 FCPATH/index.php(55): CodeIgniter\CodeIgniter->run()
ERROR - 2022-10-03 21:24:06 --> Illegal mix of collations (utf8mb4_general_ci,IMPLICIT) and (utf8mb4_unicode_ci,IMPLICIT) for operation '<'
CRITICAL - 2022-10-03 21:24:06 --> Call to a member function getResult() on bool
in APPPATH/Models/User_score.php on line 17.
 1 APPPATH/Controllers/Content/Content_infos.php(203): App\Models\User_score->insert_score_quiz()
 2 SYSTEMPATH/CodeIgniter.php(896): App\Controllers\Content\Content_infos->createQuiz()
 3 SYSTEMPATH/CodeIgniter.php(466): CodeIgniter\CodeIgniter->runController()
 4 SYSTEMPATH/CodeIgniter.php(349): CodeIgniter\CodeIgniter->handleRequest()
 5 FCPATH/index.php(55): CodeIgniter\CodeIgniter->run()
ERROR - 2022-10-03 21:24:14 --> Illegal mix of collations (utf8mb4_general_ci,IMPLICIT) and (utf8mb4_unicode_ci,IMPLICIT) for operation '<'
CRITICAL - 2022-10-03 21:24:14 --> Call to a member function getResult() on bool
in APPPATH/Models/User_score.php on line 17.
 1 APPPATH/Controllers/Content/Content_infos.php(203): App\Models\User_score->insert_score_quiz()
 2 SYSTEMPATH/CodeIgniter.php(896): App\Controllers\Content\Content_infos->createQuiz()
 3 SYSTEMPATH/CodeIgniter.php(466): CodeIgniter\CodeIgniter->runController()
 4 SYSTEMPATH/CodeIgniter.php(349): CodeIgniter\CodeIgniter->handleRequest()
 5 FCPATH/index.php(55): CodeIgniter\CodeIgniter->run()
ERROR - 2022-10-03 21:24:16 --> Illegal mix of collations (utf8mb4_general_ci,IMPLICIT) and (utf8mb4_unicode_ci,IMPLICIT) for operation '<'
CRITICAL - 2022-10-03 21:24:16 --> Call to a member function getResult() on bool
in APPPATH/Models/User_score.php on line 17.
 1 APPPATH/Controllers/Content/Content_infos.php(203): App\Models\User_score->insert_score_quiz()
 2 SYSTEMPATH/CodeIgniter.php(896): App\Controllers\Content\Content_infos->createQuiz()
 3 SYSTEMPATH/CodeIgniter.php(466): CodeIgniter\CodeIgniter->runController()
 4 SYSTEMPATH/CodeIgniter.php(349): CodeIgniter\CodeIgniter->handleRequest()
 5 FCPATH/index.php(55): CodeIgniter\CodeIgniter->run()
ERROR - 2022-10-03 21:24:30 --> Illegal mix of collations (utf8mb4_general_ci,IMPLICIT) and (utf8mb4_unicode_ci,IMPLICIT) for operation '<'
CRITICAL - 2022-10-03 21:24:30 --> Call to a member function getResult() on bool
in APPPATH/Models/User_score.php on line 17.
 1 APPPATH/Controllers/Content/Content_infos.php(203): App\Models\User_score->insert_score_quiz()
 2 SYSTEMPATH/CodeIgniter.php(896): App\Controllers\Content\Content_infos->createQuiz()
 3 SYSTEMPATH/CodeIgniter.php(466): CodeIgniter\CodeIgniter->runController()
 4 SYSTEMPATH/CodeIgniter.php(349): CodeIgniter\CodeIgniter->handleRequest()
 5 FCPATH/index.php(55): CodeIgniter\CodeIgniter->run()
ERROR - 2022-10-03 21:24:33 --> Illegal mix of collations (utf8mb4_general_ci,IMPLICIT) and (utf8mb4_unicode_ci,IMPLICIT) for operation '<'
CRITICAL - 2022-10-03 21:24:33 --> Call to a member function getResult() on bool
in APPPATH/Models/User_score.php on line 17.
 1 APPPATH/Controllers/Content/Content_infos.php(203): App\Models\User_score->insert_score_quiz()
 2 SYSTEMPATH/CodeIgniter.php(896): App\Controllers\Content\Content_infos->createQuiz()
 3 SYSTEMPATH/CodeIgniter.php(466): CodeIgniter\CodeIgniter->runController()
 4 SYSTEMPATH/CodeIgniter.php(349): CodeIgniter\CodeIgniter->handleRequest()
 5 FCPATH/index.php(55): CodeIgniter\CodeIgniter->run()
ERROR - 2022-10-03 21:24:35 --> Illegal mix of collations (utf8mb4_general_ci,IMPLICIT) and (utf8mb4_unicode_ci,IMPLICIT) for operation '<'
CRITICAL - 2022-10-03 21:24:35 --> Call to a member function getResult() on bool
in APPPATH/Models/User_score.php on line 17.
 1 APPPATH/Controllers/Content/Content_infos.php(203): App\Models\User_score->insert_score_quiz()
 2 SYSTEMPATH/CodeIgniter.php(896): App\Controllers\Content\Content_infos->createQuiz()
 3 SYSTEMPATH/CodeIgniter.php(466): CodeIgniter\CodeIgniter->runController()
 4 SYSTEMPATH/CodeIgniter.php(349): CodeIgniter\CodeIgniter->handleRequest()
 5 FCPATH/index.php(55): CodeIgniter\CodeIgniter->run()
ERROR - 2022-10-03 21:29:52 --> Illegal mix of collations (utf8mb4_general_ci,IMPLICIT) and (utf8mb4_unicode_ci,IMPLICIT) for operation '<'
CRITICAL - 2022-10-03 21:29:52 --> Call to a member function getResult() on bool
in APPPATH/Models/User_score.php on line 17.
 1 APPPATH/Controllers/Content/Content_infos.php(203): App\Models\User_score->insert_score_quiz()
 2 SYSTEMPATH/CodeIgniter.php(896): App\Controllers\Content\Content_infos->createQuiz()
 3 SYSTEMPATH/CodeIgniter.php(466): CodeIgniter\CodeIgniter->runController()
 4 SYSTEMPATH/CodeIgniter.php(349): CodeIgniter\CodeIgniter->handleRequest()
 5 FCPATH/index.php(55): CodeIgniter\CodeIgniter->run()
ERROR - 2022-10-03 21:29:58 --> Illegal mix of collations (utf8mb4_general_ci,IMPLICIT) and (utf8mb4_unicode_ci,IMPLICIT) for operation '<'
CRITICAL - 2022-10-03 21:29:58 --> Call to a member function getResult() on bool
in APPPATH/Models/User_score.php on line 17.
 1 APPPATH/Controllers/Content/Content_infos.php(203): App\Models\User_score->insert_score_quiz()
 2 SYSTEMPATH/CodeIgniter.php(896): App\Controllers\Content\Content_infos->createQuiz()
 3 SYSTEMPATH/CodeIgniter.php(466): CodeIgniter\CodeIgniter->runController()
 4 SYSTEMPATH/CodeIgniter.php(349): CodeIgniter\CodeIgniter->handleRequest()
 5 FCPATH/index.php(55): CodeIgniter\CodeIgniter->run()
CRITICAL - 2022-10-03 21:52:54 --> Invalid file: login/view.php
in SYSTEMPATH/Exceptions/FrameworkException.php on line 33.
 1 SYSTEMPATH/View/View.php(201): CodeIgniter\Exceptions\FrameworkException::forInvalidFile()
 2 SYSTEMPATH/Common.php(1135): CodeIgniter\View\View->render()
 3 APPPATH/Controllers/Content/Content_infos.php(151): view()
 4 SYSTEMPATH/CodeIgniter.php(896): App\Controllers\Content\Content_infos->showContent()
 5 SYSTEMPATH/CodeIgniter.php(466): CodeIgniter\CodeIgniter->runController()
 6 SYSTEMPATH/CodeIgniter.php(349): CodeIgniter\CodeIgniter->handleRequest()
 7 FCPATH/index.php(55): CodeIgniter\CodeIgniter->run()
CRITICAL - 2022-10-03 21:58:23 --> Invalid file: login/view.php
in SYSTEMPATH/Exceptions/FrameworkException.php on line 33.
 1 SYSTEMPATH/View/View.php(201): CodeIgniter\Exceptions\FrameworkException::forInvalidFile()
 2 SYSTEMPATH/Common.php(1135): CodeIgniter\View\View->render()
 3 APPPATH/Controllers/Content/Content_infos.php(151): view()
 4 SYSTEMPATH/CodeIgniter.php(896): App\Controllers\Content\Content_infos->showContent()
 5 SYSTEMPATH/CodeIgniter.php(466): CodeIgniter\CodeIgniter->runController()
 6 SYSTEMPATH/CodeIgniter.php(349): CodeIgniter\CodeIgniter->handleRequest()
 7 FCPATH/index.php(55): CodeIgniter\CodeIgniter->run()
CRITICAL - 2022-10-03 21:59:11 --> Invalid file: login/view.php
in SYSTEMPATH/Exceptions/FrameworkException.php on line 33.
 1 SYSTEMPATH/View/View.php(201): CodeIgniter\Exceptions\FrameworkException::forInvalidFile()
 2 SYSTEMPATH/Common.php(1135): CodeIgniter\View\View->render()
 3 APPPATH/Controllers/Content/Content_infos.php(151): view()
 4 SYSTEMPATH/CodeIgniter.php(896): App\Controllers\Content\Content_infos->showContent()
 5 SYSTEMPATH/CodeIgniter.php(466): CodeIgniter\CodeIgniter->runController()
 6 SYSTEMPATH/CodeIgniter.php(349): CodeIgniter\CodeIgniter->handleRequest()
 7 FCPATH/index.php(55): CodeIgniter\CodeIgniter->run()
