CRITICAL - 2022-08-24 15:04:15 --> Invalid file: view/student/module.php
in SYSTEMPATH\Exceptions\FrameworkException.php on line 33.
 1 SYSTEMPATH\View\View.php(201): CodeIgniter\Exceptions\FrameworkException::forInvalidFile('view/student/module.php')
 2 SYSTEMPATH\Common.php(1135): CodeIgniter\View\View->render('view/student/module', [], true)
 3 APPPATH\Controllers\Module.php(17): view('view/student/module', [...])
 4 SYSTEMPATH\CodeIgniter.php(896): App\Controllers\Module->index()
 5 SYSTEMPATH\CodeIgniter.php(466): CodeIgniter\CodeIgniter->runController(Object(App\Controllers\Module))
 6 SYSTEMPATH\CodeIgniter.php(349): CodeIgniter\CodeIgniter->handleRequest(null, Object(Config\Cache), false)
 7 FCPATH\index.php(55): CodeIgniter\CodeIgniter->run()
CRITICAL - 2022-08-24 15:04:59 --> Invalid file: view/student/module.php
in SYSTEMPATH\Exceptions\FrameworkException.php on line 33.
 1 SYSTEMPATH\View\View.php(201): CodeIgniter\Exceptions\FrameworkException::forInvalidFile('view/student/module.php')
 2 SYSTEMPATH\Common.php(1135): CodeIgniter\View\View->render('view/student/module', [], true)
 3 APPPATH\Controllers\Module.php(17): view('view/student/module', [...])
 4 SYSTEMPATH\CodeIgniter.php(896): App\Controllers\Module->index()
 5 SYSTEMPATH\CodeIgniter.php(466): CodeIgniter\CodeIgniter->runController(Object(App\Controllers\Module))
 6 SYSTEMPATH\CodeIgniter.php(349): CodeIgniter\CodeIgniter->handleRequest(null, Object(Config\Cache), false)
 7 FCPATH\index.php(55): CodeIgniter\CodeIgniter->run()
CRITICAL - 2022-08-24 15:05:00 --> Invalid file: view/student/module.php
in SYSTEMPATH\Exceptions\FrameworkException.php on line 33.
 1 SYSTEMPATH\View\View.php(201): CodeIgniter\Exceptions\FrameworkException::forInvalidFile('view/student/module.php')
 2 SYSTEMPATH\Common.php(1135): CodeIgniter\View\View->render('view/student/module', [], true)
 3 APPPATH\Controllers\Module.php(17): view('view/student/module', [...])
 4 SYSTEMPATH\CodeIgniter.php(896): App\Controllers\Module->index()
 5 SYSTEMPATH\CodeIgniter.php(466): CodeIgniter\CodeIgniter->runController(Object(App\Controllers\Module))
 6 SYSTEMPATH\CodeIgniter.php(349): CodeIgniter\CodeIgniter->handleRequest(null, Object(Config\Cache), false)
 7 FCPATH\index.php(55): CodeIgniter\CodeIgniter->run()
CRITICAL - 2022-08-24 15:05:15 --> Invalid file: views/student/module.php
in SYSTEMPATH\Exceptions\FrameworkException.php on line 33.
 1 SYSTEMPATH\View\View.php(201): CodeIgniter\Exceptions\FrameworkException::forInvalidFile('views/student/module.php')
 2 SYSTEMPATH\Common.php(1135): CodeIgniter\View\View->render('views/student/module', [], true)
 3 APPPATH\Controllers\Module.php(17): view('views/student/module', [...])
 4 SYSTEMPATH\CodeIgniter.php(896): App\Controllers\Module->index()
 5 SYSTEMPATH\CodeIgniter.php(466): CodeIgniter\CodeIgniter->runController(Object(App\Controllers\Module))
 6 SYSTEMPATH\CodeIgniter.php(349): CodeIgniter\CodeIgniter->handleRequest(null, Object(Config\Cache), false)
 7 FCPATH\index.php(55): CodeIgniter\CodeIgniter->run()
CRITICAL - 2022-08-24 15:05:17 --> Invalid file: views/student/module.php
in SYSTEMPATH\Exceptions\FrameworkException.php on line 33.
 1 SYSTEMPATH\View\View.php(201): CodeIgniter\Exceptions\FrameworkException::forInvalidFile('views/student/module.php')
 2 SYSTEMPATH\Common.php(1135): CodeIgniter\View\View->render('views/student/module', [], true)
 3 APPPATH\Controllers\Module.php(17): view('views/student/module', [...])
 4 SYSTEMPATH\CodeIgniter.php(896): App\Controllers\Module->index()
 5 SYSTEMPATH\CodeIgniter.php(466): CodeIgniter\CodeIgniter->runController(Object(App\Controllers\Module))
 6 SYSTEMPATH\CodeIgniter.php(349): CodeIgniter\CodeIgniter->handleRequest(null, Object(Config\Cache), false)
 7 FCPATH\index.php(55): CodeIgniter\CodeIgniter->run()
