CRITICAL - 2022-09-15 07:01:42 --> Undefined offset: 0
in APPPATH\Views\student\module\module.php on line 29.
 1 APPPATH\Views\student\module\module.php(29): CodeIgniter\Debug\Exceptions->errorHandler(8, 'Undefined offset: 0', 'APPPATH\\Views\\student\\module\\module.php', 29, [...])
 2 SYSTEMPATH\View\View.php(213): include('APPPATH\\Views\\student\\module\\module.php')
 3 SYSTEMPATH\View\View.php(216): CodeIgniter\View\View->CodeIgniter\View\{closure}()
 4 SYSTEMPATH\Common.php(1135): CodeIgniter\View\View->render('student/module/module', [], true)
 5 APPPATH\Controllers\Content_infos.php(46): view('student/module/module', [...])
 6 SYSTEMPATH\CodeIgniter.php(896): App\Controllers\Content_infos->showModule()
 7 SYSTEMPATH\CodeIgniter.php(466): CodeIgniter\CodeIgniter->runController(Object(App\Controllers\Content_infos))
 8 SYSTEMPATH\CodeIgniter.php(349): CodeIgniter\CodeIgniter->handleRequest(null, Object(Config\Cache), false)
 9 FCPATH\index.php(55): CodeIgniter\CodeIgniter->run()
ERROR - 2022-09-15 09:01:05 --> You have an error in your SQL syntax; check the manual that corresponds to your MariaDB server version for the right syntax to use near ')' at line 1
CRITICAL - 2022-09-15 09:01:05 --> You have an error in your SQL syntax; check the manual that corresponds to your MariaDB server version for the right syntax to use near ')' at line 1
in SYSTEMPATH\Database\MySQLi\Connection.php on line 292.
 1 SYSTEMPATH\Database\MySQLi\Connection.php(292): mysqli->query('CALL sp_content_info_content(,)', 0)
 2 SYSTEMPATH\Database\BaseConnection.php(695): CodeIgniter\Database\MySQLi\Connection->execute('CALL sp_content_info_content(,)')
 3 SYSTEMPATH\Database\BaseConnection.php(609): CodeIgniter\Database\BaseConnection->simpleQuery('CALL sp_content_info_content(,)')
 4 APPPATH\Models\Content_info.php(15): CodeIgniter\Database\BaseConnection->query('CALL sp_content_info_content(,)')
 5 APPPATH\Controllers\Content_infos.php(83): App\Models\Content_info->select_content_module_main(null, null)
 6 SYSTEMPATH\CodeIgniter.php(896): App\Controllers\Content_infos->showContent()
 7 SYSTEMPATH\CodeIgniter.php(466): CodeIgniter\CodeIgniter->runController(Object(App\Controllers\Content_infos))
 8 SYSTEMPATH\CodeIgniter.php(349): CodeIgniter\CodeIgniter->handleRequest(null, Object(Config\Cache), false)
 9 FCPATH\index.php(55): CodeIgniter\CodeIgniter->run()
ERROR - 2022-09-15 17:54:58 --> You have an error in your SQL syntax; check the manual that corresponds to your MariaDB server version for the right syntax to use near '5)' at line 1
CRITICAL - 2022-09-15 17:54:58 --> You have an error in your SQL syntax; check the manual that corresponds to your MariaDB server version for the right syntax to use near '5)' at line 1
in SYSTEMPATH\Database\MySQLi\Connection.php on line 292.
 1 SYSTEMPATH\Database\MySQLi\Connection.php(292): mysqli->query('CALL sp_content_info_quiz(,5)', 0)
 2 SYSTEMPATH\Database\BaseConnection.php(695): CodeIgniter\Database\MySQLi\Connection->execute('CALL sp_content_info_quiz(,5)')
 3 SYSTEMPATH\Database\BaseConnection.php(609): CodeIgniter\Database\BaseConnection->simpleQuery('CALL sp_content_info_quiz(,5)')
 4 APPPATH\Models\Content_info.php(21): CodeIgniter\Database\BaseConnection->query('CALL sp_content_info_quiz(,5)')
 5 APPPATH\Controllers\Content_infos.php(121): App\Models\Content_info->select_content_info_quiz(null, '5')
 6 SYSTEMPATH\CodeIgniter.php(896): App\Controllers\Content_infos->showAssessment()
 7 SYSTEMPATH\CodeIgniter.php(466): CodeIgniter\CodeIgniter->runController(Object(App\Controllers\Content_infos))
 8 SYSTEMPATH\CodeIgniter.php(349): CodeIgniter\CodeIgniter->handleRequest(null, Object(Config\Cache), false)
 9 FCPATH\index.php(55): CodeIgniter\CodeIgniter->run()
ERROR - 2022-09-15 17:55:05 --> You have an error in your SQL syntax; check the manual that corresponds to your MariaDB server version for the right syntax to use near '1)' at line 1
CRITICAL - 2022-09-15 17:55:05 --> You have an error in your SQL syntax; check the manual that corresponds to your MariaDB server version for the right syntax to use near '1)' at line 1
in SYSTEMPATH\Database\MySQLi\Connection.php on line 292.
 1 SYSTEMPATH\Database\MySQLi\Connection.php(292): mysqli->query('CALL sp_content_info_content(,1)', 0)
 2 SYSTEMPATH\Database\BaseConnection.php(695): CodeIgniter\Database\MySQLi\Connection->execute('CALL sp_content_info_content(,1)')
 3 SYSTEMPATH\Database\BaseConnection.php(609): CodeIgniter\Database\BaseConnection->simpleQuery('CALL sp_content_info_content(,1)')
 4 APPPATH\Models\Content_info.php(15): CodeIgniter\Database\BaseConnection->query('CALL sp_content_info_content(,1)')
 5 APPPATH\Controllers\Content_infos.php(39): App\Models\Content_info->select_content_module_main(null, 1)
 6 SYSTEMPATH\CodeIgniter.php(896): App\Controllers\Content_infos->showModule()
 7 SYSTEMPATH\CodeIgniter.php(466): CodeIgniter\CodeIgniter->runController(Object(App\Controllers\Content_infos))
 8 SYSTEMPATH\CodeIgniter.php(349): CodeIgniter\CodeIgniter->handleRequest(null, Object(Config\Cache), false)
 9 FCPATH\index.php(55): CodeIgniter\CodeIgniter->run()
CRITICAL - 2022-09-15 19:04:37 --> Cannot use object of type stdClass as array
in APPPATH\Views\student\module\quiz.php on line 63.
 1 SYSTEMPATH\View\View.php(213): include()
 2 SYSTEMPATH\View\View.php(216): CodeIgniter\View\View->CodeIgniter\View\{closure}()
 3 SYSTEMPATH\Common.php(1135): CodeIgniter\View\View->render('student/module/quiz', [], true)
 4 APPPATH\Controllers\Content_infos.php(128): view('student/module/quiz', [...])
 5 SYSTEMPATH\CodeIgniter.php(896): App\Controllers\Content_infos->showQuiz()
 6 SYSTEMPATH\CodeIgniter.php(466): CodeIgniter\CodeIgniter->runController(Object(App\Controllers\Content_infos))
 7 SYSTEMPATH\CodeIgniter.php(349): CodeIgniter\CodeIgniter->handleRequest(null, Object(Config\Cache), false)
 8 FCPATH\index.php(55): CodeIgniter\CodeIgniter->run()
CRITICAL - 2022-09-15 19:05:24 --> Array to string conversion
in APPPATH\Views\student\module\quiz.php on line 62.
 1 APPPATH\Views\student\module\quiz.php(62): CodeIgniter\Debug\Exceptions->errorHandler(2, 'Array to string conversion', 'APPPATH\\Views\\student\\module\\quiz.php', 62)
 2 SYSTEMPATH\View\View.php(213): include('APPPATH\\Views\\student\\module\\quiz.php')
 3 SYSTEMPATH\View\View.php(216): CodeIgniter\View\View->CodeIgniter\View\{closure}()
 4 SYSTEMPATH\Common.php(1135): CodeIgniter\View\View->render('student/module/quiz', [], true)
 5 APPPATH\Controllers\Content_infos.php(128): view('student/module/quiz', [...])
 6 SYSTEMPATH\CodeIgniter.php(896): App\Controllers\Content_infos->showQuiz()
 7 SYSTEMPATH\CodeIgniter.php(466): CodeIgniter\CodeIgniter->runController(Object(App\Controllers\Content_infos))
 8 SYSTEMPATH\CodeIgniter.php(349): CodeIgniter\CodeIgniter->handleRequest(null, Object(Config\Cache), false)
 9 FCPATH\index.php(55): CodeIgniter\CodeIgniter->run()
CRITICAL - 2022-09-15 19:05:54 --> Undefined property: stdClass::$quesion_text
in APPPATH\Views\student\module\quiz.php on line 62.
 1 APPPATH\Views\student\module\quiz.php(62): CodeIgniter\Debug\Exceptions->errorHandler(2, 'Undefined property: stdClass::$quesion_text', 'APPPATH\\Views\\student\\module\\quiz.php', 62)
 2 SYSTEMPATH\View\View.php(213): include('APPPATH\\Views\\student\\module\\quiz.php')
 3 SYSTEMPATH\View\View.php(216): CodeIgniter\View\View->CodeIgniter\View\{closure}()
 4 SYSTEMPATH\Common.php(1135): CodeIgniter\View\View->render('student/module/quiz', [], true)
 5 APPPATH\Controllers\Content_infos.php(128): view('student/module/quiz', [...])
 6 SYSTEMPATH\CodeIgniter.php(896): App\Controllers\Content_infos->showQuiz()
 7 SYSTEMPATH\CodeIgniter.php(466): CodeIgniter\CodeIgniter->runController(Object(App\Controllers\Content_infos))
 8 SYSTEMPATH\CodeIgniter.php(349): CodeIgniter\CodeIgniter->handleRequest(null, Object(Config\Cache), false)
 9 FCPATH\index.php(55): CodeIgniter\CodeIgniter->run()
CRITICAL - 2022-09-15 19:07:26 --> Cannot use object of type stdClass as array
in APPPATH\Views\student\module\quiz.php on line 64.
 1 SYSTEMPATH\View\View.php(213): include()
 2 SYSTEMPATH\View\View.php(216): CodeIgniter\View\View->CodeIgniter\View\{closure}()
 3 SYSTEMPATH\Common.php(1135): CodeIgniter\View\View->render('student/module/quiz', [], true)
 4 APPPATH\Controllers\Content_infos.php(128): view('student/module/quiz', [...])
 5 SYSTEMPATH\CodeIgniter.php(896): App\Controllers\Content_infos->showQuiz()
 6 SYSTEMPATH\CodeIgniter.php(466): CodeIgniter\CodeIgniter->runController(Object(App\Controllers\Content_infos))
 7 SYSTEMPATH\CodeIgniter.php(349): CodeIgniter\CodeIgniter->handleRequest(null, Object(Config\Cache), false)
 8 FCPATH\index.php(55): CodeIgniter\CodeIgniter->run()
CRITICAL - 2022-09-15 19:07:40 --> Object of class stdClass could not be converted to string
in APPPATH\Views\student\module\quiz.php on line 64.
 1 SYSTEMPATH\View\View.php(213): include()
 2 SYSTEMPATH\View\View.php(216): CodeIgniter\View\View->CodeIgniter\View\{closure}()
 3 SYSTEMPATH\Common.php(1135): CodeIgniter\View\View->render('student/module/quiz', [], true)
 4 APPPATH\Controllers\Content_infos.php(128): view('student/module/quiz', [...])
 5 SYSTEMPATH\CodeIgniter.php(896): App\Controllers\Content_infos->showQuiz()
 6 SYSTEMPATH\CodeIgniter.php(466): CodeIgniter\CodeIgniter->runController(Object(App\Controllers\Content_infos))
 7 SYSTEMPATH\CodeIgniter.php(349): CodeIgniter\CodeIgniter->handleRequest(null, Object(Config\Cache), false)
 8 FCPATH\index.php(55): CodeIgniter\CodeIgniter->run()
CRITICAL - 2022-09-15 19:08:25 --> Object of class stdClass could not be converted to string
in APPPATH\Views\student\module\quiz.php on line 64.
 1 SYSTEMPATH\View\View.php(213): include()
 2 SYSTEMPATH\View\View.php(216): CodeIgniter\View\View->CodeIgniter\View\{closure}()
 3 SYSTEMPATH\Common.php(1135): CodeIgniter\View\View->render('student/module/quiz', [], true)
 4 APPPATH\Controllers\Content_infos.php(128): view('student/module/quiz', [...])
 5 SYSTEMPATH\CodeIgniter.php(896): App\Controllers\Content_infos->showQuiz()
 6 SYSTEMPATH\CodeIgniter.php(466): CodeIgniter\CodeIgniter->runController(Object(App\Controllers\Content_infos))
 7 SYSTEMPATH\CodeIgniter.php(349): CodeIgniter\CodeIgniter->handleRequest(null, Object(Config\Cache), false)
 8 FCPATH\index.php(55): CodeIgniter\CodeIgniter->run()
