CRITICAL - 2022-09-12 09:22:46 --> Undefined global variable $_SESSION
in APPPATH\Views\student\module\module.php on line 4.
 1 APPPATH\Views\student\module\module.php(4): CodeIgniter\Debug\Exceptions->errorHandler(2, 'Undefined global variable $_SESSION', 'APPPATH\\Views\\student\\module\\module.php', 4)
 2 SYSTEMPATH\View\View.php(213): include('APPPATH\\Views\\student\\module\\module.php')
 3 SYSTEMPATH\View\View.php(216): CodeIgniter\View\View->CodeIgniter\View\{closure}()
 4 SYSTEMPATH\Common.php(1135): CodeIgniter\View\View->render('student/module/module', [], true)
 5 APPPATH\Controllers\Content_infos.php(41): view('student/module/module', [...])
 6 SYSTEMPATH\CodeIgniter.php(896): App\Controllers\Content_infos->showModule()
 7 SYSTEMPATH\CodeIgniter.php(466): CodeIgniter\CodeIgniter->runController(Object(App\Controllers\Content_infos))
 8 SYSTEMPATH\CodeIgniter.php(349): CodeIgniter\CodeIgniter->handleRequest(null, Object(Config\Cache), false)
 9 FCPATH\index.php(55): CodeIgniter\CodeIgniter->run()
CRITICAL - 2022-09-12 09:24:30 --> Undefined global variable $_SESSION
in APPPATH\Controllers\Content_infos.php on line 34.
 1 APPPATH\Controllers\Content_infos.php(34): CodeIgniter\Debug\Exceptions->errorHandler(2, 'Undefined global variable $_SESSION', 'APPPATH\\Controllers\\Content_infos.php', 34)
 2 SYSTEMPATH\CodeIgniter.php(896): App\Controllers\Content_infos->showModule()
 3 SYSTEMPATH\CodeIgniter.php(466): CodeIgniter\CodeIgniter->runController(Object(App\Controllers\Content_infos))
 4 SYSTEMPATH\CodeIgniter.php(349): CodeIgniter\CodeIgniter->handleRequest(null, Object(Config\Cache), false)
 5 FCPATH\index.php(55): CodeIgniter\CodeIgniter->run()
CRITICAL - 2022-09-12 09:25:22 --> Undefined global variable $_SESSION
in APPPATH\Controllers\Content_infos.php on line 34.
 1 APPPATH\Controllers\Content_infos.php(34): CodeIgniter\Debug\Exceptions->errorHandler(2, 'Undefined global variable $_SESSION', 'APPPATH\\Controllers\\Content_infos.php', 34)
 2 SYSTEMPATH\CodeIgniter.php(896): App\Controllers\Content_infos->showModule()
 3 SYSTEMPATH\CodeIgniter.php(466): CodeIgniter\CodeIgniter->runController(Object(App\Controllers\Content_infos))
 4 SYSTEMPATH\CodeIgniter.php(349): CodeIgniter\CodeIgniter->handleRequest(null, Object(Config\Cache), false)
 5 FCPATH\index.php(55): CodeIgniter\CodeIgniter->run()
CRITICAL - 2022-09-12 09:25:32 --> Undefined global variable $_SESSION
in APPPATH\Controllers\Content_infos.php on line 34.
 1 APPPATH\Controllers\Content_infos.php(34): CodeIgniter\Debug\Exceptions->errorHandler(2, 'Undefined global variable $_SESSION', 'APPPATH\\Controllers\\Content_infos.php', 34)
 2 SYSTEMPATH\CodeIgniter.php(896): App\Controllers\Content_infos->showModule()
 3 SYSTEMPATH\CodeIgniter.php(466): CodeIgniter\CodeIgniter->runController(Object(App\Controllers\Content_infos))
 4 SYSTEMPATH\CodeIgniter.php(349): CodeIgniter\CodeIgniter->handleRequest(null, Object(Config\Cache), false)
 5 FCPATH\index.php(55): CodeIgniter\CodeIgniter->run()
CRITICAL - 2022-09-12 09:26:27 --> Undefined global variable $_SESSION
in APPPATH\Controllers\Content_infos.php on line 34.
 1 APPPATH\Controllers\Content_infos.php(34): CodeIgniter\Debug\Exceptions->errorHandler(2, 'Undefined global variable $_SESSION', 'APPPATH\\Controllers\\Content_infos.php', 34)
 2 SYSTEMPATH\CodeIgniter.php(896): App\Controllers\Content_infos->showModule()
 3 SYSTEMPATH\CodeIgniter.php(466): CodeIgniter\CodeIgniter->runController(Object(App\Controllers\Content_infos))
 4 SYSTEMPATH\CodeIgniter.php(349): CodeIgniter\CodeIgniter->handleRequest(null, Object(Config\Cache), false)
 5 FCPATH\index.php(55): CodeIgniter\CodeIgniter->run()
CRITICAL - 2022-09-12 09:26:35 --> Undefined global variable $_SESSION
in APPPATH\Controllers\Content_infos.php on line 34.
 1 APPPATH\Controllers\Content_infos.php(34): CodeIgniter\Debug\Exceptions->errorHandler(2, 'Undefined global variable $_SESSION', 'APPPATH\\Controllers\\Content_infos.php', 34)
 2 SYSTEMPATH\CodeIgniter.php(896): App\Controllers\Content_infos->showModule()
 3 SYSTEMPATH\CodeIgniter.php(466): CodeIgniter\CodeIgniter->runController(Object(App\Controllers\Content_infos))
 4 SYSTEMPATH\CodeIgniter.php(349): CodeIgniter\CodeIgniter->handleRequest(null, Object(Config\Cache), false)
 5 FCPATH\index.php(55): CodeIgniter\CodeIgniter->run()
