ERROR - 2022-09-13 12:45:59 --> Incorrect number of arguments for PROCEDURE dendrite_brazo.sp_content_info_module; expected 1, got 0
CRITICAL - 2022-09-13 12:45:59 --> Incorrect number of arguments for PROCEDURE dendrite_brazo.sp_content_info_module; expected 1, got 0
in SYSTEMPATH\Database\MySQLi\Connection.php on line 292.
 1 SYSTEMPATH\Database\MySQLi\Connection.php(292): mysqli->query('CALL sp_content_info_module()', 0)
 2 SYSTEMPATH\Database\BaseConnection.php(695): CodeIgniter\Database\MySQLi\Connection->execute('CALL sp_content_info_module()')
 3 SYSTEMPATH\Database\BaseConnection.php(609): CodeIgniter\Database\BaseConnection->simpleQuery('CALL sp_content_info_module()')
 4 APPPATH\Models\Content_info.php(15): CodeIgniter\Database\BaseConnection->query('CALL sp_content_info_module()')
 5 APPPATH\Controllers\Content_infos.php(39): App\Models\Content_info->select_content_module_main(null)
 6 SYSTEMPATH\CodeIgniter.php(896): App\Controllers\Content_infos->showModule()
 7 SYSTEMPATH\CodeIgniter.php(466): CodeIgniter\CodeIgniter->runController(Object(App\Controllers\Content_infos))
 8 SYSTEMPATH\CodeIgniter.php(349): CodeIgniter\CodeIgniter->handleRequest(null, Object(Config\Cache), false)
 9 FCPATH\index.php(55): CodeIgniter\CodeIgniter->run()
ERROR - 2022-09-13 12:48:10 --> Incorrect number of arguments for PROCEDURE dendrite_brazo.sp_content_info_module; expected 1, got 0
CRITICAL - 2022-09-13 12:48:10 --> Incorrect number of arguments for PROCEDURE dendrite_brazo.sp_content_info_module; expected 1, got 0
in SYSTEMPATH\Database\MySQLi\Connection.php on line 292.
 1 SYSTEMPATH\Database\MySQLi\Connection.php(292): mysqli->query('CALL sp_content_info_module()', 0)
 2 SYSTEMPATH\Database\BaseConnection.php(695): CodeIgniter\Database\MySQLi\Connection->execute('CALL sp_content_info_module()')
 3 SYSTEMPATH\Database\BaseConnection.php(609): CodeIgniter\Database\BaseConnection->simpleQuery('CALL sp_content_info_module()')
 4 APPPATH\Models\Content_info.php(15): CodeIgniter\Database\BaseConnection->query('CALL sp_content_info_module()')
 5 APPPATH\Controllers\Content_infos.php(39): App\Models\Content_info->select_content_module_main(null)
 6 SYSTEMPATH\CodeIgniter.php(896): App\Controllers\Content_infos->showModule()
 7 SYSTEMPATH\CodeIgniter.php(466): CodeIgniter\CodeIgniter->runController(Object(App\Controllers\Content_infos))
 8 SYSTEMPATH\CodeIgniter.php(349): CodeIgniter\CodeIgniter->handleRequest(null, Object(Config\Cache), false)
 9 FCPATH\index.php(55): CodeIgniter\CodeIgniter->run()
ERROR - 2022-09-13 12:54:10 --> Incorrect number of arguments for PROCEDURE dendrite_brazo.sp_content_info_module; expected 1, got 0
CRITICAL - 2022-09-13 12:54:10 --> Incorrect number of arguments for PROCEDURE dendrite_brazo.sp_content_info_module; expected 1, got 0
in SYSTEMPATH\Database\MySQLi\Connection.php on line 292.
 1 SYSTEMPATH\Database\MySQLi\Connection.php(292): mysqli->query('CALL sp_content_info_module()', 0)
 2 SYSTEMPATH\Database\BaseConnection.php(695): CodeIgniter\Database\MySQLi\Connection->execute('CALL sp_content_info_module()')
 3 SYSTEMPATH\Database\BaseConnection.php(609): CodeIgniter\Database\BaseConnection->simpleQuery('CALL sp_content_info_module()')
 4 APPPATH\Models\Content_info.php(15): CodeIgniter\Database\BaseConnection->query('CALL sp_content_info_module()')
 5 APPPATH\Controllers\Content_infos.php(39): App\Models\Content_info->select_content_module_main(null)
 6 SYSTEMPATH\CodeIgniter.php(896): App\Controllers\Content_infos->showModule()
 7 SYSTEMPATH\CodeIgniter.php(466): CodeIgniter\CodeIgniter->runController(Object(App\Controllers\Content_infos))
 8 SYSTEMPATH\CodeIgniter.php(349): CodeIgniter\CodeIgniter->handleRequest(null, Object(Config\Cache), false)
 9 FCPATH\index.php(55): CodeIgniter\CodeIgniter->run()
ERROR - 2022-09-13 12:56:32 --> Incorrect number of arguments for PROCEDURE dendrite_brazo.sp_content_info_module; expected 1, got 0
CRITICAL - 2022-09-13 12:56:32 --> Incorrect number of arguments for PROCEDURE dendrite_brazo.sp_content_info_module; expected 1, got 0
in SYSTEMPATH\Database\MySQLi\Connection.php on line 292.
 1 SYSTEMPATH\Database\MySQLi\Connection.php(292): mysqli->query('CALL sp_content_info_module()', 0)
 2 SYSTEMPATH\Database\BaseConnection.php(695): CodeIgniter\Database\MySQLi\Connection->execute('CALL sp_content_info_module()')
 3 SYSTEMPATH\Database\BaseConnection.php(609): CodeIgniter\Database\BaseConnection->simpleQuery('CALL sp_content_info_module()')
 4 APPPATH\Models\Content_info.php(15): CodeIgniter\Database\BaseConnection->query('CALL sp_content_info_module()')
 5 APPPATH\Controllers\Content_infos.php(39): App\Models\Content_info->select_content_module_main(null)
 6 SYSTEMPATH\CodeIgniter.php(896): App\Controllers\Content_infos->showModule()
 7 SYSTEMPATH\CodeIgniter.php(466): CodeIgniter\CodeIgniter->runController(Object(App\Controllers\Content_infos))
 8 SYSTEMPATH\CodeIgniter.php(349): CodeIgniter\CodeIgniter->handleRequest(null, Object(Config\Cache), false)
 9 FCPATH\index.php(55): CodeIgniter\CodeIgniter->run()
ERROR - 2022-09-13 12:56:51 --> Incorrect number of arguments for PROCEDURE dendrite_brazo.sp_content_info_module; expected 1, got 0
CRITICAL - 2022-09-13 12:56:51 --> Incorrect number of arguments for PROCEDURE dendrite_brazo.sp_content_info_module; expected 1, got 0
in SYSTEMPATH\Database\MySQLi\Connection.php on line 292.
 1 SYSTEMPATH\Database\MySQLi\Connection.php(292): mysqli->query('CALL sp_content_info_module()', 0)
 2 SYSTEMPATH\Database\BaseConnection.php(695): CodeIgniter\Database\MySQLi\Connection->execute('CALL sp_content_info_module()')
 3 SYSTEMPATH\Database\BaseConnection.php(609): CodeIgniter\Database\BaseConnection->simpleQuery('CALL sp_content_info_module()')
 4 APPPATH\Models\Content_info.php(15): CodeIgniter\Database\BaseConnection->query('CALL sp_content_info_module()')
 5 APPPATH\Controllers\Content_infos.php(40): App\Models\Content_info->select_content_module_main(null)
 6 SYSTEMPATH\CodeIgniter.php(896): App\Controllers\Content_infos->showModule()
 7 SYSTEMPATH\CodeIgniter.php(466): CodeIgniter\CodeIgniter->runController(Object(App\Controllers\Content_infos))
 8 SYSTEMPATH\CodeIgniter.php(349): CodeIgniter\CodeIgniter->handleRequest(null, Object(Config\Cache), false)
 9 FCPATH\index.php(55): CodeIgniter\CodeIgniter->run()
ERROR - 2022-09-13 12:57:10 --> Incorrect number of arguments for PROCEDURE dendrite_brazo.sp_content_info_module; expected 1, got 0
CRITICAL - 2022-09-13 12:57:10 --> Incorrect number of arguments for PROCEDURE dendrite_brazo.sp_content_info_module; expected 1, got 0
in SYSTEMPATH\Database\MySQLi\Connection.php on line 292.
 1 SYSTEMPATH\Database\MySQLi\Connection.php(292): mysqli->query('CALL sp_content_info_module()', 0)
 2 SYSTEMPATH\Database\BaseConnection.php(695): CodeIgniter\Database\MySQLi\Connection->execute('CALL sp_content_info_module()')
 3 SYSTEMPATH\Database\BaseConnection.php(609): CodeIgniter\Database\BaseConnection->simpleQuery('CALL sp_content_info_module()')
 4 APPPATH\Models\Content_info.php(15): CodeIgniter\Database\BaseConnection->query('CALL sp_content_info_module()')
 5 APPPATH\Controllers\Content_infos.php(40): App\Models\Content_info->select_content_module_main(null)
 6 SYSTEMPATH\CodeIgniter.php(896): App\Controllers\Content_infos->showModule()
 7 SYSTEMPATH\CodeIgniter.php(466): CodeIgniter\CodeIgniter->runController(Object(App\Controllers\Content_infos))
 8 SYSTEMPATH\CodeIgniter.php(349): CodeIgniter\CodeIgniter->handleRequest(null, Object(Config\Cache), false)
 9 FCPATH\index.php(55): CodeIgniter\CodeIgniter->run()
ERROR - 2022-09-13 12:57:27 --> Incorrect number of arguments for PROCEDURE dendrite_brazo.sp_content_info_module; expected 1, got 0
CRITICAL - 2022-09-13 12:57:27 --> Incorrect number of arguments for PROCEDURE dendrite_brazo.sp_content_info_module; expected 1, got 0
in SYSTEMPATH\Database\MySQLi\Connection.php on line 292.
 1 SYSTEMPATH\Database\MySQLi\Connection.php(292): mysqli->query('CALL sp_content_info_module()', 0)
 2 SYSTEMPATH\Database\BaseConnection.php(695): CodeIgniter\Database\MySQLi\Connection->execute('CALL sp_content_info_module()')
 3 SYSTEMPATH\Database\BaseConnection.php(609): CodeIgniter\Database\BaseConnection->simpleQuery('CALL sp_content_info_module()')
 4 APPPATH\Models\Content_info.php(15): CodeIgniter\Database\BaseConnection->query('CALL sp_content_info_module()')
 5 APPPATH\Controllers\Content_infos.php(40): App\Models\Content_info->select_content_module_main(null)
 6 SYSTEMPATH\CodeIgniter.php(896): App\Controllers\Content_infos->showModule()
 7 SYSTEMPATH\CodeIgniter.php(466): CodeIgniter\CodeIgniter->runController(Object(App\Controllers\Content_infos))
 8 SYSTEMPATH\CodeIgniter.php(349): CodeIgniter\CodeIgniter->handleRequest(null, Object(Config\Cache), false)
 9 FCPATH\index.php(55): CodeIgniter\CodeIgniter->run()
ERROR - 2022-09-13 12:57:40 --> Incorrect number of arguments for PROCEDURE dendrite_brazo.sp_content_info_module; expected 1, got 0
CRITICAL - 2022-09-13 12:57:40 --> Incorrect number of arguments for PROCEDURE dendrite_brazo.sp_content_info_module; expected 1, got 0
in SYSTEMPATH\Database\MySQLi\Connection.php on line 292.
 1 SYSTEMPATH\Database\MySQLi\Connection.php(292): mysqli->query('CALL sp_content_info_module()', 0)
 2 SYSTEMPATH\Database\BaseConnection.php(695): CodeIgniter\Database\MySQLi\Connection->execute('CALL sp_content_info_module()')
 3 SYSTEMPATH\Database\BaseConnection.php(609): CodeIgniter\Database\BaseConnection->simpleQuery('CALL sp_content_info_module()')
 4 APPPATH\Models\Content_info.php(15): CodeIgniter\Database\BaseConnection->query('CALL sp_content_info_module()')
 5 APPPATH\Controllers\Content_infos.php(40): App\Models\Content_info->select_content_module_main(null)
 6 SYSTEMPATH\CodeIgniter.php(896): App\Controllers\Content_infos->showModule()
 7 SYSTEMPATH\CodeIgniter.php(466): CodeIgniter\CodeIgniter->runController(Object(App\Controllers\Content_infos))
 8 SYSTEMPATH\CodeIgniter.php(349): CodeIgniter\CodeIgniter->handleRequest(null, Object(Config\Cache), false)
 9 FCPATH\index.php(55): CodeIgniter\CodeIgniter->run()
ERROR - 2022-09-13 12:58:03 --> Incorrect number of arguments for PROCEDURE dendrite_brazo.sp_content_info_module; expected 1, got 0
CRITICAL - 2022-09-13 12:58:03 --> Incorrect number of arguments for PROCEDURE dendrite_brazo.sp_content_info_module; expected 1, got 0
in SYSTEMPATH\Database\MySQLi\Connection.php on line 292.
 1 SYSTEMPATH\Database\MySQLi\Connection.php(292): mysqli->query('CALL sp_content_info_module()', 0)
 2 SYSTEMPATH\Database\BaseConnection.php(695): CodeIgniter\Database\MySQLi\Connection->execute('CALL sp_content_info_module()')
 3 SYSTEMPATH\Database\BaseConnection.php(609): CodeIgniter\Database\BaseConnection->simpleQuery('CALL sp_content_info_module()')
 4 APPPATH\Models\Content_info.php(15): CodeIgniter\Database\BaseConnection->query('CALL sp_content_info_module()')
 5 APPPATH\Controllers\Content_infos.php(40): App\Models\Content_info->select_content_module_main(null)
 6 SYSTEMPATH\CodeIgniter.php(896): App\Controllers\Content_infos->showModule()
 7 SYSTEMPATH\CodeIgniter.php(466): CodeIgniter\CodeIgniter->runController(Object(App\Controllers\Content_infos))
 8 SYSTEMPATH\CodeIgniter.php(349): CodeIgniter\CodeIgniter->handleRequest(null, Object(Config\Cache), false)
 9 FCPATH\index.php(55): CodeIgniter\CodeIgniter->run()
ERROR - 2022-09-13 12:58:07 --> Incorrect number of arguments for PROCEDURE dendrite_brazo.sp_content_info_module; expected 1, got 0
CRITICAL - 2022-09-13 12:58:07 --> Incorrect number of arguments for PROCEDURE dendrite_brazo.sp_content_info_module; expected 1, got 0
in SYSTEMPATH\Database\MySQLi\Connection.php on line 292.
 1 SYSTEMPATH\Database\MySQLi\Connection.php(292): mysqli->query('CALL sp_content_info_module()', 0)
 2 SYSTEMPATH\Database\BaseConnection.php(695): CodeIgniter\Database\MySQLi\Connection->execute('CALL sp_content_info_module()')
 3 SYSTEMPATH\Database\BaseConnection.php(609): CodeIgniter\Database\BaseConnection->simpleQuery('CALL sp_content_info_module()')
 4 APPPATH\Models\Content_info.php(15): CodeIgniter\Database\BaseConnection->query('CALL sp_content_info_module()')
 5 APPPATH\Controllers\Content_infos.php(40): App\Models\Content_info->select_content_module_main(null)
 6 SYSTEMPATH\CodeIgniter.php(896): App\Controllers\Content_infos->showModule()
 7 SYSTEMPATH\CodeIgniter.php(466): CodeIgniter\CodeIgniter->runController(Object(App\Controllers\Content_infos))
 8 SYSTEMPATH\CodeIgniter.php(349): CodeIgniter\CodeIgniter->handleRequest(null, Object(Config\Cache), false)
 9 FCPATH\index.php(55): CodeIgniter\CodeIgniter->run()
CRITICAL - 2022-09-13 13:03:27 --> Array to string conversion
in APPPATH\Views\student\module\module.php on line 55.
 1 APPPATH\Views\student\module\module.php(55): CodeIgniter\Debug\Exceptions->errorHandler(2, 'Array to string conversion', 'APPPATH\\Views\\student\\module\\module.php', 55)
 2 SYSTEMPATH\View\View.php(213): include('APPPATH\\Views\\student\\module\\module.php')
 3 SYSTEMPATH\View\View.php(216): CodeIgniter\View\View->CodeIgniter\View\{closure}()
 4 SYSTEMPATH\Common.php(1135): CodeIgniter\View\View->render('student/module/module', [], true)
 5 APPPATH\Controllers\Content_infos.php(48): view('student/module/module', [...])
 6 SYSTEMPATH\CodeIgniter.php(896): App\Controllers\Content_infos->showModule()
 7 SYSTEMPATH\CodeIgniter.php(466): CodeIgniter\CodeIgniter->runController(Object(App\Controllers\Content_infos))
 8 SYSTEMPATH\CodeIgniter.php(349): CodeIgniter\CodeIgniter->handleRequest(null, Object(Config\Cache), false)
 9 FCPATH\index.php(55): CodeIgniter\CodeIgniter->run()
CRITICAL - 2022-09-13 13:03:45 --> Array to string conversion
in APPPATH\Views\student\module\module.php on line 55.
 1 APPPATH\Views\student\module\module.php(55): CodeIgniter\Debug\Exceptions->errorHandler(2, 'Array to string conversion', 'APPPATH\\Views\\student\\module\\module.php', 55)
 2 SYSTEMPATH\View\View.php(213): include('APPPATH\\Views\\student\\module\\module.php')
 3 SYSTEMPATH\View\View.php(216): CodeIgniter\View\View->CodeIgniter\View\{closure}()
 4 SYSTEMPATH\Common.php(1135): CodeIgniter\View\View->render('student/module/module', [], true)
 5 APPPATH\Controllers\Content_infos.php(48): view('student/module/module', [...])
 6 SYSTEMPATH\CodeIgniter.php(896): App\Controllers\Content_infos->showModule()
 7 SYSTEMPATH\CodeIgniter.php(466): CodeIgniter\CodeIgniter->runController(Object(App\Controllers\Content_infos))
 8 SYSTEMPATH\CodeIgniter.php(349): CodeIgniter\CodeIgniter->handleRequest(null, Object(Config\Cache), false)
 9 FCPATH\index.php(55): CodeIgniter\CodeIgniter->run()
ERROR - 2022-09-13 15:50:27 --> Incorrect number of arguments for PROCEDURE dendrite_brazo.sp_content_info_module; expected 1, got 0
CRITICAL - 2022-09-13 15:50:27 --> Incorrect number of arguments for PROCEDURE dendrite_brazo.sp_content_info_module; expected 1, got 0
in SYSTEMPATH\Database\MySQLi\Connection.php on line 292.
 1 SYSTEMPATH\Database\MySQLi\Connection.php(292): mysqli->query('CALL sp_content_info_module()', 0)
 2 SYSTEMPATH\Database\BaseConnection.php(695): CodeIgniter\Database\MySQLi\Connection->execute('CALL sp_content_info_module()')
 3 SYSTEMPATH\Database\BaseConnection.php(609): CodeIgniter\Database\BaseConnection->simpleQuery('CALL sp_content_info_module()')
 4 APPPATH\Models\Content_info.php(15): CodeIgniter\Database\BaseConnection->query('CALL sp_content_info_module()')
 5 APPPATH\Controllers\Content_infos.php(39): App\Models\Content_info->select_content_module_main(null)
 6 SYSTEMPATH\CodeIgniter.php(896): App\Controllers\Content_infos->showModule()
 7 SYSTEMPATH\CodeIgniter.php(466): CodeIgniter\CodeIgniter->runController(Object(App\Controllers\Content_infos))
 8 SYSTEMPATH\CodeIgniter.php(349): CodeIgniter\CodeIgniter->handleRequest(null, Object(Config\Cache), false)
 9 FCPATH\index.php(55): CodeIgniter\CodeIgniter->run()
ERROR - 2022-09-13 15:50:44 --> Incorrect number of arguments for PROCEDURE dendrite_brazo.sp_content_info_module; expected 1, got 0
CRITICAL - 2022-09-13 15:50:44 --> Incorrect number of arguments for PROCEDURE dendrite_brazo.sp_content_info_module; expected 1, got 0
in SYSTEMPATH\Database\MySQLi\Connection.php on line 292.
 1 SYSTEMPATH\Database\MySQLi\Connection.php(292): mysqli->query('CALL sp_content_info_module()', 0)
 2 SYSTEMPATH\Database\BaseConnection.php(695): CodeIgniter\Database\MySQLi\Connection->execute('CALL sp_content_info_module()')
 3 SYSTEMPATH\Database\BaseConnection.php(609): CodeIgniter\Database\BaseConnection->simpleQuery('CALL sp_content_info_module()')
 4 APPPATH\Models\Content_info.php(15): CodeIgniter\Database\BaseConnection->query('CALL sp_content_info_module()')
 5 APPPATH\Controllers\Content_infos.php(39): App\Models\Content_info->select_content_module_main(null)
 6 SYSTEMPATH\CodeIgniter.php(896): App\Controllers\Content_infos->showModule()
 7 SYSTEMPATH\CodeIgniter.php(466): CodeIgniter\CodeIgniter->runController(Object(App\Controllers\Content_infos))
 8 SYSTEMPATH\CodeIgniter.php(349): CodeIgniter\CodeIgniter->handleRequest(null, Object(Config\Cache), false)
 9 FCPATH\index.php(55): CodeIgniter\CodeIgniter->run()
ERROR - 2022-09-13 15:50:54 --> Incorrect number of arguments for PROCEDURE dendrite_brazo.sp_content_info_module; expected 1, got 0
CRITICAL - 2022-09-13 15:50:54 --> Incorrect number of arguments for PROCEDURE dendrite_brazo.sp_content_info_module; expected 1, got 0
in SYSTEMPATH\Database\MySQLi\Connection.php on line 292.
 1 SYSTEMPATH\Database\MySQLi\Connection.php(292): mysqli->query('CALL sp_content_info_module()', 0)
 2 SYSTEMPATH\Database\BaseConnection.php(695): CodeIgniter\Database\MySQLi\Connection->execute('CALL sp_content_info_module()')
 3 SYSTEMPATH\Database\BaseConnection.php(609): CodeIgniter\Database\BaseConnection->simpleQuery('CALL sp_content_info_module()')
 4 APPPATH\Models\Content_info.php(15): CodeIgniter\Database\BaseConnection->query('CALL sp_content_info_module()')
 5 APPPATH\Controllers\Content_infos.php(39): App\Models\Content_info->select_content_module_main(null)
 6 SYSTEMPATH\CodeIgniter.php(896): App\Controllers\Content_infos->showModule()
 7 SYSTEMPATH\CodeIgniter.php(466): CodeIgniter\CodeIgniter->runController(Object(App\Controllers\Content_infos))
 8 SYSTEMPATH\CodeIgniter.php(349): CodeIgniter\CodeIgniter->handleRequest(null, Object(Config\Cache), false)
 9 FCPATH\index.php(55): CodeIgniter\CodeIgniter->run()
ERROR - 2022-09-13 17:13:56 --> PROCEDURE dendrite_brazo.sp_content_info_module does not exist
CRITICAL - 2022-09-13 17:13:56 --> PROCEDURE dendrite_brazo.sp_content_info_module does not exist
in SYSTEMPATH\Database\MySQLi\Connection.php on line 292.
 1 SYSTEMPATH\Database\MySQLi\Connection.php(292): mysqli->query('CALL sp_content_info_module(1,1)', 0)
 2 SYSTEMPATH\Database\BaseConnection.php(695): CodeIgniter\Database\MySQLi\Connection->execute('CALL sp_content_info_module(1,1)')
 3 SYSTEMPATH\Database\BaseConnection.php(609): CodeIgniter\Database\BaseConnection->simpleQuery('CALL sp_content_info_module(1,1)')
 4 APPPATH\Models\Content_info.php(15): CodeIgniter\Database\BaseConnection->query('CALL sp_content_info_module(1,1)')
 5 APPPATH\Controllers\Content_infos.php(39): App\Models\Content_info->select_content_module_main('1', 1)
 6 SYSTEMPATH\CodeIgniter.php(896): App\Controllers\Content_infos->showModule()
 7 SYSTEMPATH\CodeIgniter.php(466): CodeIgniter\CodeIgniter->runController(Object(App\Controllers\Content_infos))
 8 SYSTEMPATH\CodeIgniter.php(349): CodeIgniter\CodeIgniter->handleRequest(null, Object(Config\Cache), false)
 9 FCPATH\index.php(55): CodeIgniter\CodeIgniter->run()
ERROR - 2022-09-13 17:14:02 --> PROCEDURE dendrite_brazo.sp_content_info_module does not exist
CRITICAL - 2022-09-13 17:14:02 --> PROCEDURE dendrite_brazo.sp_content_info_module does not exist
in SYSTEMPATH\Database\MySQLi\Connection.php on line 292.
 1 SYSTEMPATH\Database\MySQLi\Connection.php(292): mysqli->query('CALL sp_content_info_module(1,1)', 0)
 2 SYSTEMPATH\Database\BaseConnection.php(695): CodeIgniter\Database\MySQLi\Connection->execute('CALL sp_content_info_module(1,1)')
 3 SYSTEMPATH\Database\BaseConnection.php(609): CodeIgniter\Database\BaseConnection->simpleQuery('CALL sp_content_info_module(1,1)')
 4 APPPATH\Models\Content_info.php(15): CodeIgniter\Database\BaseConnection->query('CALL sp_content_info_module(1,1)')
 5 APPPATH\Controllers\Content_infos.php(39): App\Models\Content_info->select_content_module_main('1', 1)
 6 SYSTEMPATH\CodeIgniter.php(896): App\Controllers\Content_infos->showModule()
 7 SYSTEMPATH\CodeIgniter.php(466): CodeIgniter\CodeIgniter->runController(Object(App\Controllers\Content_infos))
 8 SYSTEMPATH\CodeIgniter.php(349): CodeIgniter\CodeIgniter->handleRequest(null, Object(Config\Cache), false)
 9 FCPATH\index.php(55): CodeIgniter\CodeIgniter->run()
ERROR - 2022-09-13 17:14:17 --> PROCEDURE dendrite_brazo.sp_content_info_module does not exist
CRITICAL - 2022-09-13 17:14:17 --> PROCEDURE dendrite_brazo.sp_content_info_module does not exist
in SYSTEMPATH\Database\MySQLi\Connection.php on line 292.
 1 SYSTEMPATH\Database\MySQLi\Connection.php(292): mysqli->query('CALL sp_content_info_module(1,1)', 0)
 2 SYSTEMPATH\Database\BaseConnection.php(695): CodeIgniter\Database\MySQLi\Connection->execute('CALL sp_content_info_module(1,1)')
 3 SYSTEMPATH\Database\BaseConnection.php(609): CodeIgniter\Database\BaseConnection->simpleQuery('CALL sp_content_info_module(1,1)')
 4 APPPATH\Models\Content_info.php(15): CodeIgniter\Database\BaseConnection->query('CALL sp_content_info_module(1,1)')
 5 APPPATH\Controllers\Content_infos.php(39): App\Models\Content_info->select_content_module_main('1', 1)
 6 SYSTEMPATH\CodeIgniter.php(896): App\Controllers\Content_infos->showModule()
 7 SYSTEMPATH\CodeIgniter.php(466): CodeIgniter\CodeIgniter->runController(Object(App\Controllers\Content_infos))
 8 SYSTEMPATH\CodeIgniter.php(349): CodeIgniter\CodeIgniter->handleRequest(null, Object(Config\Cache), false)
 9 FCPATH\index.php(55): CodeIgniter\CodeIgniter->run()
ERROR - 2022-09-13 17:15:21 --> PROCEDURE dendrite_brazo.sp_content_info_module does not exist
CRITICAL - 2022-09-13 17:15:21 --> PROCEDURE dendrite_brazo.sp_content_info_module does not exist
in SYSTEMPATH\Database\MySQLi\Connection.php on line 292.
 1 SYSTEMPATH\Database\MySQLi\Connection.php(292): mysqli->query('CALL sp_content_info_module(1,1)', 0)
 2 SYSTEMPATH\Database\BaseConnection.php(695): CodeIgniter\Database\MySQLi\Connection->execute('CALL sp_content_info_module(1,1)')
 3 SYSTEMPATH\Database\BaseConnection.php(609): CodeIgniter\Database\BaseConnection->simpleQuery('CALL sp_content_info_module(1,1)')
 4 APPPATH\Models\Content_info.php(15): CodeIgniter\Database\BaseConnection->query('CALL sp_content_info_module(1,1)')
 5 APPPATH\Controllers\Content_infos.php(39): App\Models\Content_info->select_content_module_main('1', 1)
 6 SYSTEMPATH\CodeIgniter.php(896): App\Controllers\Content_infos->showModule()
 7 SYSTEMPATH\CodeIgniter.php(466): CodeIgniter\CodeIgniter->runController(Object(App\Controllers\Content_infos))
 8 SYSTEMPATH\CodeIgniter.php(349): CodeIgniter\CodeIgniter->handleRequest(null, Object(Config\Cache), false)
 9 FCPATH\index.php(55): CodeIgniter\CodeIgniter->run()
ERROR - 2022-09-13 17:16:03 --> PROCEDURE dendrite_brazo.sp_content_info_module does not exist
CRITICAL - 2022-09-13 17:16:03 --> PROCEDURE dendrite_brazo.sp_content_info_module does not exist
in SYSTEMPATH\Database\MySQLi\Connection.php on line 292.
 1 SYSTEMPATH\Database\MySQLi\Connection.php(292): mysqli->query('CALL sp_content_info_module(1,1)', 0)
 2 SYSTEMPATH\Database\BaseConnection.php(695): CodeIgniter\Database\MySQLi\Connection->execute('CALL sp_content_info_module(1,1)')
 3 SYSTEMPATH\Database\BaseConnection.php(609): CodeIgniter\Database\BaseConnection->simpleQuery('CALL sp_content_info_module(1,1)')
 4 APPPATH\Models\Content_info.php(16): CodeIgniter\Database\BaseConnection->query('CALL sp_content_info_module(1,1)')
 5 APPPATH\Controllers\Content_infos.php(39): App\Models\Content_info->select_content_module_main('1', 1)
 6 SYSTEMPATH\CodeIgniter.php(896): App\Controllers\Content_infos->showModule()
 7 SYSTEMPATH\CodeIgniter.php(466): CodeIgniter\CodeIgniter->runController(Object(App\Controllers\Content_infos))
 8 SYSTEMPATH\CodeIgniter.php(349): CodeIgniter\CodeIgniter->handleRequest(null, Object(Config\Cache), false)
 9 FCPATH\index.php(55): CodeIgniter\CodeIgniter->run()
