CRITICAL - 2022-07-20 06:32:59 --> Invalid argument supplied for foreach()
in APPPATH\Views\user\to_list_state.php on line 94.
 1 APPPATH\Views\user\to_list_state.php(94): CodeIgniter\Debug\Exceptions->errorHandler(2, 'Invalid argument supplied for foreach()', 'APPPATH\\Views\\user\\to_list_state.php', 94, [...])
 2 SYSTEMPATH\View\View.php(213): include('APPPATH\\Views\\user\\to_list_state.php')
 3 SYSTEMPATH\View\View.php(216): CodeIgniter\View\View->CodeIgniter\View\{closure}()
 4 SYSTEMPATH\Common.php(1135): CodeIgniter\View\View->render('user/to_list_state', [], true)
 5 APPPATH\Controllers\Users.php(58): view('user/to_list_state', [...])
 6 SYSTEMPATH\CodeIgniter.php(896): App\Controllers\Users->userRole()
 7 SYSTEMPATH\CodeIgniter.php(466): CodeIgniter\CodeIgniter->runController(Object(App\Controllers\Users))
 8 SYSTEMPATH\CodeIgniter.php(349): CodeIgniter\CodeIgniter->handleRequest(null, Object(Config\Cache), false)
 9 FCPATH\index.php(55): CodeIgniter\CodeIgniter->run()
CRITICAL - 2022-07-20 06:34:13 --> Invalid argument supplied for foreach()
in APPPATH\Views\user\to_list_state.php on line 94.
 1 APPPATH\Views\user\to_list_state.php(94): CodeIgniter\Debug\Exceptions->errorHandler(2, 'Invalid argument supplied for foreach()', 'APPPATH\\Views\\user\\to_list_state.php', 94, [...])
 2 SYSTEMPATH\View\View.php(213): include('APPPATH\\Views\\user\\to_list_state.php')
 3 SYSTEMPATH\View\View.php(216): CodeIgniter\View\View->CodeIgniter\View\{closure}()
 4 SYSTEMPATH\Common.php(1135): CodeIgniter\View\View->render('user/to_list_state', [], true)
 5 APPPATH\Controllers\Users.php(58): view('user/to_list_state', [...])
 6 SYSTEMPATH\CodeIgniter.php(896): App\Controllers\Users->userRole()
 7 SYSTEMPATH\CodeIgniter.php(466): CodeIgniter\CodeIgniter->runController(Object(App\Controllers\Users))
 8 SYSTEMPATH\CodeIgniter.php(349): CodeIgniter\CodeIgniter->handleRequest(null, Object(Config\Cache), false)
 9 FCPATH\index.php(55): CodeIgniter\CodeIgniter->run()
CRITICAL - 2022-07-20 06:34:31 --> Invalid argument supplied for foreach()
in APPPATH\Views\user\to_list_state.php on line 94.
 1 APPPATH\Views\user\to_list_state.php(94): CodeIgniter\Debug\Exceptions->errorHandler(2, 'Invalid argument supplied for foreach()', 'APPPATH\\Views\\user\\to_list_state.php', 94, [...])
 2 SYSTEMPATH\View\View.php(213): include('APPPATH\\Views\\user\\to_list_state.php')
 3 SYSTEMPATH\View\View.php(216): CodeIgniter\View\View->CodeIgniter\View\{closure}()
 4 SYSTEMPATH\Common.php(1135): CodeIgniter\View\View->render('user/to_list_state', [], true)
 5 APPPATH\Controllers\Users.php(58): view('user/to_list_state', [...])
 6 SYSTEMPATH\CodeIgniter.php(896): App\Controllers\Users->userRole()
 7 SYSTEMPATH\CodeIgniter.php(466): CodeIgniter\CodeIgniter->runController(Object(App\Controllers\Users))
 8 SYSTEMPATH\CodeIgniter.php(349): CodeIgniter\CodeIgniter->handleRequest(null, Object(Config\Cache), false)
 9 FCPATH\index.php(55): CodeIgniter\CodeIgniter->run()
CRITICAL - 2022-07-20 06:34:33 --> Invalid argument supplied for foreach()
in APPPATH\Views\user\to_list_state.php on line 94.
 1 APPPATH\Views\user\to_list_state.php(94): CodeIgniter\Debug\Exceptions->errorHandler(2, 'Invalid argument supplied for foreach()', 'APPPATH\\Views\\user\\to_list_state.php', 94, [...])
 2 SYSTEMPATH\View\View.php(213): include('APPPATH\\Views\\user\\to_list_state.php')
 3 SYSTEMPATH\View\View.php(216): CodeIgniter\View\View->CodeIgniter\View\{closure}()
 4 SYSTEMPATH\Common.php(1135): CodeIgniter\View\View->render('user/to_list_state', [], true)
 5 APPPATH\Controllers\Users.php(58): view('user/to_list_state', [...])
 6 SYSTEMPATH\CodeIgniter.php(896): App\Controllers\Users->userRole()
 7 SYSTEMPATH\CodeIgniter.php(466): CodeIgniter\CodeIgniter->runController(Object(App\Controllers\Users))
 8 SYSTEMPATH\CodeIgniter.php(349): CodeIgniter\CodeIgniter->handleRequest(null, Object(Config\Cache), false)
 9 FCPATH\index.php(55): CodeIgniter\CodeIgniter->run()
CRITICAL - 2022-07-20 06:34:36 --> Invalid argument supplied for foreach()
in APPPATH\Views\user\to_list_state.php on line 94.
 1 APPPATH\Views\user\to_list_state.php(94): CodeIgniter\Debug\Exceptions->errorHandler(2, 'Invalid argument supplied for foreach()', 'APPPATH\\Views\\user\\to_list_state.php', 94, [...])
 2 SYSTEMPATH\View\View.php(213): include('APPPATH\\Views\\user\\to_list_state.php')
 3 SYSTEMPATH\View\View.php(216): CodeIgniter\View\View->CodeIgniter\View\{closure}()
 4 SYSTEMPATH\Common.php(1135): CodeIgniter\View\View->render('user/to_list_state', [], true)
 5 APPPATH\Controllers\Users.php(58): view('user/to_list_state', [...])
 6 SYSTEMPATH\CodeIgniter.php(896): App\Controllers\Users->userRole()
 7 SYSTEMPATH\CodeIgniter.php(466): CodeIgniter\CodeIgniter->runController(Object(App\Controllers\Users))
 8 SYSTEMPATH\CodeIgniter.php(349): CodeIgniter\CodeIgniter->handleRequest(null, Object(Config\Cache), false)
 9 FCPATH\index.php(55): CodeIgniter\CodeIgniter->run()
CRITICAL - 2022-07-20 06:34:38 --> Invalid argument supplied for foreach()
in APPPATH\Views\user\to_list_role.php on line 94.
 1 APPPATH\Views\user\to_list_role.php(94): CodeIgniter\Debug\Exceptions->errorHandler(2, 'Invalid argument supplied for foreach()', 'APPPATH\\Views\\user\\to_list_role.php', 94, [...])
 2 SYSTEMPATH\View\View.php(213): include('APPPATH\\Views\\user\\to_list_role.php')
 3 SYSTEMPATH\View\View.php(216): CodeIgniter\View\View->CodeIgniter\View\{closure}()
 4 SYSTEMPATH\Common.php(1135): CodeIgniter\View\View->render('user/to_list_role', [], true)
 5 APPPATH\Controllers\Users.php(44): view('user/to_list_role', [...])
 6 SYSTEMPATH\CodeIgniter.php(896): App\Controllers\Users->userState()
 7 SYSTEMPATH\CodeIgniter.php(466): CodeIgniter\CodeIgniter->runController(Object(App\Controllers\Users))
 8 SYSTEMPATH\CodeIgniter.php(349): CodeIgniter\CodeIgniter->handleRequest(null, Object(Config\Cache), false)
 9 FCPATH\index.php(55): CodeIgniter\CodeIgniter->run()
CRITICAL - 2022-07-20 06:34:44 --> Invalid argument supplied for foreach()
in APPPATH\Views\user\to_list_role.php on line 94.
 1 APPPATH\Views\user\to_list_role.php(94): CodeIgniter\Debug\Exceptions->errorHandler(2, 'Invalid argument supplied for foreach()', 'APPPATH\\Views\\user\\to_list_role.php', 94, [...])
 2 SYSTEMPATH\View\View.php(213): include('APPPATH\\Views\\user\\to_list_role.php')
 3 SYSTEMPATH\View\View.php(216): CodeIgniter\View\View->CodeIgniter\View\{closure}()
 4 SYSTEMPATH\Common.php(1135): CodeIgniter\View\View->render('user/to_list_role', [], true)
 5 APPPATH\Controllers\Users.php(44): view('user/to_list_role', [...])
 6 SYSTEMPATH\CodeIgniter.php(896): App\Controllers\Users->userState()
 7 SYSTEMPATH\CodeIgniter.php(466): CodeIgniter\CodeIgniter->runController(Object(App\Controllers\Users))
 8 SYSTEMPATH\CodeIgniter.php(349): CodeIgniter\CodeIgniter->handleRequest(null, Object(Config\Cache), false)
 9 FCPATH\index.php(55): CodeIgniter\CodeIgniter->run()
CRITICAL - 2022-07-20 08:40:42 --> Invalid file: crop_type/to_list.php
in SYSTEMPATH\Exceptions\FrameworkException.php on line 33.
 1 SYSTEMPATH\View\View.php(201): CodeIgniter\Exceptions\FrameworkException::forInvalidFile('crop_type/to_list.php')
 2 SYSTEMPATH\Common.php(1135): CodeIgniter\View\View->render('crop_type/to_list', [], true)
 3 APPPATH\Controllers\CropsType.php(16): view('crop_type/to_list', [...])
 4 SYSTEMPATH\CodeIgniter.php(896): App\Controllers\CropsType->index()
 5 SYSTEMPATH\CodeIgniter.php(466): CodeIgniter\CodeIgniter->runController(Object(App\Controllers\CropsType))
 6 SYSTEMPATH\CodeIgniter.php(349): CodeIgniter\CodeIgniter->handleRequest(null, Object(Config\Cache), false)
 7 FCPATH\index.php(55): CodeIgniter\CodeIgniter->run()
CRITICAL - 2022-07-20 08:41:19 --> Invalid argument supplied for foreach()
in APPPATH\Views\crop\to_list_cycle.php on line 93.
 1 APPPATH\Views\crop\to_list_cycle.php(93): CodeIgniter\Debug\Exceptions->errorHandler(2, 'Invalid argument supplied for foreach()', 'APPPATH\\Views\\crop\\to_list_cycle.php', 93, [...])
 2 SYSTEMPATH\View\View.php(213): include('APPPATH\\Views\\crop\\to_list_cycle.php')
 3 SYSTEMPATH\View\View.php(216): CodeIgniter\View\View->CodeIgniter\View\{closure}()
 4 SYSTEMPATH\Common.php(1135): CodeIgniter\View\View->render('crop/to_list_cycle', [], true)
 5 APPPATH\Controllers\CropsCycle.php(22): view('crop/to_list_cycle', [...])
 6 SYSTEMPATH\CodeIgniter.php(896): App\Controllers\CropsCycle->index()
 7 SYSTEMPATH\CodeIgniter.php(466): CodeIgniter\CodeIgniter->runController(Object(App\Controllers\CropsCycle))
 8 SYSTEMPATH\CodeIgniter.php(349): CodeIgniter\CodeIgniter->handleRequest(null, Object(Config\Cache), false)
 9 FCPATH\index.php(55): CodeIgniter\CodeIgniter->run()
ERROR - 2022-07-20 21:29:02 --> Unknown column 'user_id' in 'order clause'
CRITICAL - 2022-07-20 21:29:02 --> Call to a member function getResult() on bool
in SYSTEMPATH\Model.php on line 223.
 1 SYSTEMPATH\BaseModel.php(584): CodeIgniter\Model->doFindAll(0, 0)
 2 APPPATH\Controllers\CropsActivities.php(16): CodeIgniter\BaseModel->findAll()
 3 SYSTEMPATH\CodeIgniter.php(896): App\Controllers\CropsActivities->index()
 4 SYSTEMPATH\CodeIgniter.php(466): CodeIgniter\CodeIgniter->runController(Object(App\Controllers\CropsActivities))
 5 SYSTEMPATH\CodeIgniter.php(349): CodeIgniter\CodeIgniter->handleRequest(null, Object(Config\Cache), false)
 6 FCPATH\index.php(55): CodeIgniter\CodeIgniter->run()
CRITICAL - 2022-07-20 22:06:20 --> Class 'App\Models\Units' not found
in APPPATH\Controllers\CropsActivities.php on line 15.
 1 SYSTEMPATH\CodeIgniter.php(896): App\Controllers\CropsActivities->index()
 2 SYSTEMPATH\CodeIgniter.php(466): CodeIgniter\CodeIgniter->runController(Object(App\Controllers\CropsActivities))
 3 SYSTEMPATH\CodeIgniter.php(349): CodeIgniter\CodeIgniter->handleRequest(null, Object(Config\Cache), false)
 4 FCPATH\index.php(55): CodeIgniter\CodeIgniter->run()
CRITICAL - 2022-07-20 22:06:26 --> Class 'App\Models\Units' not found
in APPPATH\Controllers\CropsActivities.php on line 15.
 1 SYSTEMPATH\CodeIgniter.php(896): App\Controllers\CropsActivities->index()
 2 SYSTEMPATH\CodeIgniter.php(466): CodeIgniter\CodeIgniter->runController(Object(App\Controllers\CropsActivities))
 3 SYSTEMPATH\CodeIgniter.php(349): CodeIgniter\CodeIgniter->handleRequest(null, Object(Config\Cache), false)
 4 FCPATH\index.php(55): CodeIgniter\CodeIgniter->run()
CRITICAL - 2022-07-20 22:06:28 --> Class 'App\Models\Units' not found
in APPPATH\Controllers\CropsActivities.php on line 15.
 1 SYSTEMPATH\CodeIgniter.php(896): App\Controllers\CropsActivities->index()
 2 SYSTEMPATH\CodeIgniter.php(466): CodeIgniter\CodeIgniter->runController(Object(App\Controllers\CropsActivities))
 3 SYSTEMPATH\CodeIgniter.php(349): CodeIgniter\CodeIgniter->handleRequest(null, Object(Config\Cache), false)
 4 FCPATH\index.php(55): CodeIgniter\CodeIgniter->run()
