ERROR - 2022-08-29 11:27:07 --> PROCEDURE dendrite_rizoma.sp_content_info_webinar does not exist
CRITICAL - 2022-08-29 11:27:07 --> Call to a member function getResult() on bool
in APPPATH\Models\Content_info.php on line 15.
 1 APPPATH\Controllers\Webinars.php(13): App\Models\Content_info->select_content_webinar(null)
 2 SYSTEMPATH\CodeIgniter.php(896): App\Controllers\Webinars->index()
 3 SYSTEMPATH\CodeIgniter.php(466): CodeIgniter\CodeIgniter->runController(Object(App\Controllers\Webinars))
 4 SYSTEMPATH\CodeIgniter.php(349): CodeIgniter\CodeIgniter->handleRequest(null, Object(Config\Cache), false)
 5 FCPATH\index.php(55): CodeIgniter\CodeIgniter->run()
ERROR - 2022-08-29 11:31:19 --> PROCEDURE dendrite_rizoma.sp_content_info_webinar does not exist
CRITICAL - 2022-08-29 11:31:19 --> Call to a member function getResult() on bool
in APPPATH\Models\Content_info.php on line 15.
 1 APPPATH\Controllers\Webinars.php(13): App\Models\Content_info->select_content_webinar('1')
 2 SYSTEMPATH\CodeIgniter.php(896): App\Controllers\Webinars->index('1')
 3 SYSTEMPATH\CodeIgniter.php(466): CodeIgniter\CodeIgniter->runController(Object(App\Controllers\Webinars))
 4 SYSTEMPATH\CodeIgniter.php(349): CodeIgniter\CodeIgniter->handleRequest(null, Object(Config\Cache), false)
 5 FCPATH\index.php(55): CodeIgniter\CodeIgniter->run()
ERROR - 2022-08-29 11:31:52 --> PROCEDURE dendrite_rizoma.sp_content_info_webinar does not exist
CRITICAL - 2022-08-29 11:31:52 --> Call to a member function getResult() on bool
in APPPATH\Models\Content_info.php on line 15.
 1 APPPATH\Controllers\Webinars.php(13): App\Models\Content_info->select_content_webinar('1')
 2 SYSTEMPATH\CodeIgniter.php(896): App\Controllers\Webinars->index('1')
 3 SYSTEMPATH\CodeIgniter.php(466): CodeIgniter\CodeIgniter->runController(Object(App\Controllers\Webinars))
 4 SYSTEMPATH\CodeIgniter.php(349): CodeIgniter\CodeIgniter->handleRequest(null, Object(Config\Cache), false)
 5 FCPATH\index.php(55): CodeIgniter\CodeIgniter->run()
CRITICAL - 2022-08-29 11:37:58 --> Undefined variable $Content_info
in APPPATH\Views\student\module\webinar.php on line 64.
 1 APPPATH\Views\student\module\webinar.php(64): CodeIgniter\Debug\Exceptions->errorHandler(2, 'Undefined variable $Content_info', 'APPPATH\\Views\\student\\module\\webinar.php', 64)
 2 SYSTEMPATH\View\View.php(213): include('APPPATH\\Views\\student\\module\\webinar.php')
 3 SYSTEMPATH\View\View.php(216): CodeIgniter\View\View->CodeIgniter\View\{closure}()
 4 SYSTEMPATH\Common.php(1135): CodeIgniter\View\View->render('student/module/webinar', [], true)
 5 APPPATH\Controllers\Webinars.php(18): view('student/module/webinar', [...])
 6 SYSTEMPATH\CodeIgniter.php(896): App\Controllers\Webinars->index('1')
 7 SYSTEMPATH\CodeIgniter.php(466): CodeIgniter\CodeIgniter->runController(Object(App\Controllers\Webinars))
 8 SYSTEMPATH\CodeIgniter.php(349): CodeIgniter\CodeIgniter->handleRequest(null, Object(Config\Cache), false)
 9 FCPATH\index.php(55): CodeIgniter\CodeIgniter->run()
CRITICAL - 2022-08-29 11:38:32 --> Undefined variable $Content_info
in APPPATH\Views\student\module\webinar.php on line 64.
 1 APPPATH\Views\student\module\webinar.php(64): CodeIgniter\Debug\Exceptions->errorHandler(2, 'Undefined variable $Content_info', 'APPPATH\\Views\\student\\module\\webinar.php', 64)
 2 SYSTEMPATH\View\View.php(213): include('APPPATH\\Views\\student\\module\\webinar.php')
 3 SYSTEMPATH\View\View.php(216): CodeIgniter\View\View->CodeIgniter\View\{closure}()
 4 SYSTEMPATH\Common.php(1135): CodeIgniter\View\View->render('student/module/webinar', [], true)
 5 APPPATH\Controllers\Webinars.php(19): view('student/module/webinar', [...])
 6 SYSTEMPATH\CodeIgniter.php(896): App\Controllers\Webinars->index('1')
 7 SYSTEMPATH\CodeIgniter.php(466): CodeIgniter\CodeIgniter->runController(Object(App\Controllers\Webinars))
 8 SYSTEMPATH\CodeIgniter.php(349): CodeIgniter\CodeIgniter->handleRequest(null, Object(Config\Cache), false)
 9 FCPATH\index.php(55): CodeIgniter\CodeIgniter->run()
CRITICAL - 2022-08-29 11:39:01 --> Array to string conversion
in APPPATH\Views\student\module\webinar.php on line 64.
 1 APPPATH\Views\student\module\webinar.php(64): CodeIgniter\Debug\Exceptions->errorHandler(2, 'Array to string conversion', 'APPPATH\\Views\\student\\module\\webinar.php', 64)
 2 SYSTEMPATH\View\View.php(213): include('APPPATH\\Views\\student\\module\\webinar.php')
 3 SYSTEMPATH\View\View.php(216): CodeIgniter\View\View->CodeIgniter\View\{closure}()
 4 SYSTEMPATH\Common.php(1135): CodeIgniter\View\View->render('student/module/webinar', [], true)
 5 APPPATH\Controllers\Webinars.php(19): view('student/module/webinar', [...])
 6 SYSTEMPATH\CodeIgniter.php(896): App\Controllers\Webinars->index('1')
 7 SYSTEMPATH\CodeIgniter.php(466): CodeIgniter\CodeIgniter->runController(Object(App\Controllers\Webinars))
 8 SYSTEMPATH\CodeIgniter.php(349): CodeIgniter\CodeIgniter->handleRequest(null, Object(Config\Cache), false)
 9 FCPATH\index.php(55): CodeIgniter\CodeIgniter->run()
CRITICAL - 2022-08-29 11:40:22 --> Array to string conversion
in APPPATH\Views\student\module\webinar.php on line 64.
 1 APPPATH\Views\student\module\webinar.php(64): CodeIgniter\Debug\Exceptions->errorHandler(2, 'Array to string conversion', 'APPPATH\\Views\\student\\module\\webinar.php', 64)
 2 SYSTEMPATH\View\View.php(213): include('APPPATH\\Views\\student\\module\\webinar.php')
 3 SYSTEMPATH\View\View.php(216): CodeIgniter\View\View->CodeIgniter\View\{closure}()
 4 SYSTEMPATH\Common.php(1135): CodeIgniter\View\View->render('student/module/webinar', [], true)
 5 APPPATH\Controllers\Webinars.php(19): view('student/module/webinar', [...])
 6 SYSTEMPATH\CodeIgniter.php(896): App\Controllers\Webinars->index('1')
 7 SYSTEMPATH\CodeIgniter.php(466): CodeIgniter\CodeIgniter->runController(Object(App\Controllers\Webinars))
 8 SYSTEMPATH\CodeIgniter.php(349): CodeIgniter\CodeIgniter->handleRequest(null, Object(Config\Cache), false)
 9 FCPATH\index.php(55): CodeIgniter\CodeIgniter->run()
CRITICAL - 2022-08-29 11:40:56 --> Array to string conversion
in APPPATH\Views\student\module\webinar.php on line 64.
 1 APPPATH\Views\student\module\webinar.php(64): CodeIgniter\Debug\Exceptions->errorHandler(2, 'Array to string conversion', 'APPPATH\\Views\\student\\module\\webinar.php', 64)
 2 SYSTEMPATH\View\View.php(213): include('APPPATH\\Views\\student\\module\\webinar.php')
 3 SYSTEMPATH\View\View.php(216): CodeIgniter\View\View->CodeIgniter\View\{closure}()
 4 SYSTEMPATH\Common.php(1135): CodeIgniter\View\View->render('student/module/webinar', [], true)
 5 APPPATH\Controllers\Webinars.php(19): view('student/module/webinar', [...])
 6 SYSTEMPATH\CodeIgniter.php(896): App\Controllers\Webinars->index('1')
 7 SYSTEMPATH\CodeIgniter.php(466): CodeIgniter\CodeIgniter->runController(Object(App\Controllers\Webinars))
 8 SYSTEMPATH\CodeIgniter.php(349): CodeIgniter\CodeIgniter->handleRequest(null, Object(Config\Cache), false)
 9 FCPATH\index.php(55): CodeIgniter\CodeIgniter->run()
CRITICAL - 2022-08-29 11:44:39 --> Array to string conversion
in APPPATH\Views\student\module\webinar.php on line 64.
 1 APPPATH\Views\student\module\webinar.php(64): CodeIgniter\Debug\Exceptions->errorHandler(2, 'Array to string conversion', 'APPPATH\\Views\\student\\module\\webinar.php', 64)
 2 SYSTEMPATH\View\View.php(213): include('APPPATH\\Views\\student\\module\\webinar.php')
 3 SYSTEMPATH\View\View.php(216): CodeIgniter\View\View->CodeIgniter\View\{closure}()
 4 SYSTEMPATH\Common.php(1135): CodeIgniter\View\View->render('student/module/webinar', [], true)
 5 APPPATH\Controllers\Webinars.php(19): view('student/module/webinar', [...])
 6 SYSTEMPATH\CodeIgniter.php(896): App\Controllers\Webinars->index()
 7 SYSTEMPATH\CodeIgniter.php(466): CodeIgniter\CodeIgniter->runController(Object(App\Controllers\Webinars))
 8 SYSTEMPATH\CodeIgniter.php(349): CodeIgniter\CodeIgniter->handleRequest(null, Object(Config\Cache), false)
 9 FCPATH\index.php(55): CodeIgniter\CodeIgniter->run()
CRITICAL - 2022-08-29 11:46:42 --> Array to string conversion
in APPPATH\Views\student\module\webinar.php on line 64.
 1 APPPATH\Views\student\module\webinar.php(64): CodeIgniter\Debug\Exceptions->errorHandler(2, 'Array to string conversion', 'APPPATH\\Views\\student\\module\\webinar.php', 64)
 2 SYSTEMPATH\View\View.php(213): include('APPPATH\\Views\\student\\module\\webinar.php')
 3 SYSTEMPATH\View\View.php(216): CodeIgniter\View\View->CodeIgniter\View\{closure}()
 4 SYSTEMPATH\Common.php(1135): CodeIgniter\View\View->render('student/module/webinar', [], true)
 5 APPPATH\Controllers\Webinars.php(19): view('student/module/webinar', [...])
 6 SYSTEMPATH\CodeIgniter.php(896): App\Controllers\Webinars->index()
 7 SYSTEMPATH\CodeIgniter.php(466): CodeIgniter\CodeIgniter->runController(Object(App\Controllers\Webinars))
 8 SYSTEMPATH\CodeIgniter.php(349): CodeIgniter\CodeIgniter->handleRequest(null, Object(Config\Cache), false)
 9 FCPATH\index.php(55): CodeIgniter\CodeIgniter->run()
CRITICAL - 2022-08-29 11:49:22 --> Array to string conversion
in APPPATH\Views\student\module\webinar.php on line 64.
 1 APPPATH\Views\student\module\webinar.php(64): CodeIgniter\Debug\Exceptions->errorHandler(2, 'Array to string conversion', 'APPPATH\\Views\\student\\module\\webinar.php', 64)
 2 SYSTEMPATH\View\View.php(213): include('APPPATH\\Views\\student\\module\\webinar.php')
 3 SYSTEMPATH\View\View.php(216): CodeIgniter\View\View->CodeIgniter\View\{closure}()
 4 SYSTEMPATH\Common.php(1135): CodeIgniter\View\View->render('student/module/webinar', [], true)
 5 APPPATH\Controllers\Webinars.php(19): view('student/module/webinar', [...])
 6 SYSTEMPATH\CodeIgniter.php(896): App\Controllers\Webinars->index()
 7 SYSTEMPATH\CodeIgniter.php(466): CodeIgniter\CodeIgniter->runController(Object(App\Controllers\Webinars))
 8 SYSTEMPATH\CodeIgniter.php(349): CodeIgniter\CodeIgniter->handleRequest(null, Object(Config\Cache), false)
 9 FCPATH\index.php(55): CodeIgniter\CodeIgniter->run()
CRITICAL - 2022-08-29 11:51:23 --> Array to string conversion
in APPPATH\Views\student\module\webinar.php on line 64.
 1 APPPATH\Views\student\module\webinar.php(64): CodeIgniter\Debug\Exceptions->errorHandler(2, 'Array to string conversion', 'APPPATH\\Views\\student\\module\\webinar.php', 64)
 2 SYSTEMPATH\View\View.php(213): include('APPPATH\\Views\\student\\module\\webinar.php')
 3 SYSTEMPATH\View\View.php(216): CodeIgniter\View\View->CodeIgniter\View\{closure}()
 4 SYSTEMPATH\Common.php(1135): CodeIgniter\View\View->render('student/module/webinar', [], true)
 5 APPPATH\Controllers\Webinars.php(19): view('student/module/webinar', [...])
 6 SYSTEMPATH\CodeIgniter.php(896): App\Controllers\Webinars->index()
 7 SYSTEMPATH\CodeIgniter.php(466): CodeIgniter\CodeIgniter->runController(Object(App\Controllers\Webinars))
 8 SYSTEMPATH\CodeIgniter.php(349): CodeIgniter\CodeIgniter->handleRequest(null, Object(Config\Cache), false)
 9 FCPATH\index.php(55): CodeIgniter\CodeIgniter->run()
CRITICAL - 2022-08-29 11:51:33 --> Array to string conversion
in APPPATH\Views\student\module\webinar.php on line 64.
 1 APPPATH\Views\student\module\webinar.php(64): CodeIgniter\Debug\Exceptions->errorHandler(2, 'Array to string conversion', 'APPPATH\\Views\\student\\module\\webinar.php', 64)
 2 SYSTEMPATH\View\View.php(213): include('APPPATH\\Views\\student\\module\\webinar.php')
 3 SYSTEMPATH\View\View.php(216): CodeIgniter\View\View->CodeIgniter\View\{closure}()
 4 SYSTEMPATH\Common.php(1135): CodeIgniter\View\View->render('student/module/webinar', [], true)
 5 APPPATH\Controllers\Webinars.php(19): view('student/module/webinar', [...])
 6 SYSTEMPATH\CodeIgniter.php(896): App\Controllers\Webinars->index()
 7 SYSTEMPATH\CodeIgniter.php(466): CodeIgniter\CodeIgniter->runController(Object(App\Controllers\Webinars))
 8 SYSTEMPATH\CodeIgniter.php(349): CodeIgniter\CodeIgniter->handleRequest(null, Object(Config\Cache), false)
 9 FCPATH\index.php(55): CodeIgniter\CodeIgniter->run()
CRITICAL - 2022-08-29 11:57:59 --> Attempt to read property "content_info_id" on string
in APPPATH\Views\student\module\webinar.php on line 64.
 1 APPPATH\Views\student\module\webinar.php(64): CodeIgniter\Debug\Exceptions->errorHandler(2, 'Attempt to read property "content_info_id" on string', 'APPPATH\\Views\\student\\module\\webinar.php', 64)
 2 SYSTEMPATH\View\View.php(213): include('APPPATH\\Views\\student\\module\\webinar.php')
 3 SYSTEMPATH\View\View.php(216): CodeIgniter\View\View->CodeIgniter\View\{closure}()
 4 SYSTEMPATH\Common.php(1135): CodeIgniter\View\View->render('student/module/webinar', [], true)
 5 APPPATH\Controllers\Webinars.php(21): view('student/module/webinar', [...])
 6 SYSTEMPATH\CodeIgniter.php(896): App\Controllers\Webinars->index()
 7 SYSTEMPATH\CodeIgniter.php(466): CodeIgniter\CodeIgniter->runController(Object(App\Controllers\Webinars))
 8 SYSTEMPATH\CodeIgniter.php(349): CodeIgniter\CodeIgniter->handleRequest(null, Object(Config\Cache), false)
 9 FCPATH\index.php(55): CodeIgniter\CodeIgniter->run()
CRITICAL - 2022-08-29 11:58:25 --> Array to string conversion
in APPPATH\Views\student\module\webinar.php on line 64.
 1 APPPATH\Views\student\module\webinar.php(64): CodeIgniter\Debug\Exceptions->errorHandler(2, 'Array to string conversion', 'APPPATH\\Views\\student\\module\\webinar.php', 64)
 2 SYSTEMPATH\View\View.php(213): include('APPPATH\\Views\\student\\module\\webinar.php')
 3 SYSTEMPATH\View\View.php(216): CodeIgniter\View\View->CodeIgniter\View\{closure}()
 4 SYSTEMPATH\Common.php(1135): CodeIgniter\View\View->render('student/module/webinar', [], true)
 5 APPPATH\Controllers\Webinars.php(21): view('student/module/webinar', [...])
 6 SYSTEMPATH\CodeIgniter.php(896): App\Controllers\Webinars->index()
 7 SYSTEMPATH\CodeIgniter.php(466): CodeIgniter\CodeIgniter->runController(Object(App\Controllers\Webinars))
 8 SYSTEMPATH\CodeIgniter.php(349): CodeIgniter\CodeIgniter->handleRequest(null, Object(Config\Cache), false)
 9 FCPATH\index.php(55): CodeIgniter\CodeIgniter->run()
CRITICAL - 2022-08-29 11:58:38 --> Cannot access offset of type string on string
in APPPATH\Views\student\module\webinar.php on line 64.
 1 SYSTEMPATH\View\View.php(213): include()
 2 SYSTEMPATH\View\View.php(216): CodeIgniter\View\View->CodeIgniter\View\{closure}()
 3 SYSTEMPATH\Common.php(1135): CodeIgniter\View\View->render('student/module/webinar', [], true)
 4 APPPATH\Controllers\Webinars.php(21): view('student/module/webinar', [...])
 5 SYSTEMPATH\CodeIgniter.php(896): App\Controllers\Webinars->index()
 6 SYSTEMPATH\CodeIgniter.php(466): CodeIgniter\CodeIgniter->runController(Object(App\Controllers\Webinars))
 7 SYSTEMPATH\CodeIgniter.php(349): CodeIgniter\CodeIgniter->handleRequest(null, Object(Config\Cache), false)
 8 FCPATH\index.php(55): CodeIgniter\CodeIgniter->run()
CRITICAL - 2022-08-29 11:59:10 --> Array to string conversion
in APPPATH\Views\student\module\webinar.php on line 64.
 1 APPPATH\Views\student\module\webinar.php(64): CodeIgniter\Debug\Exceptions->errorHandler(2, 'Array to string conversion', 'APPPATH\\Views\\student\\module\\webinar.php', 64)
 2 SYSTEMPATH\View\View.php(213): include('APPPATH\\Views\\student\\module\\webinar.php')
 3 SYSTEMPATH\View\View.php(216): CodeIgniter\View\View->CodeIgniter\View\{closure}()
 4 SYSTEMPATH\Common.php(1135): CodeIgniter\View\View->render('student/module/webinar', [], true)
 5 APPPATH\Controllers\Webinars.php(21): view('student/module/webinar', [...])
 6 SYSTEMPATH\CodeIgniter.php(896): App\Controllers\Webinars->index()
 7 SYSTEMPATH\CodeIgniter.php(466): CodeIgniter\CodeIgniter->runController(Object(App\Controllers\Webinars))
 8 SYSTEMPATH\CodeIgniter.php(349): CodeIgniter\CodeIgniter->handleRequest(null, Object(Config\Cache), false)
 9 FCPATH\index.php(55): CodeIgniter\CodeIgniter->run()
CRITICAL - 2022-08-29 11:59:49 --> syntax error, unexpected token "[", expecting identifier or variable or "{" or "$"
in APPPATH\Views\student\module\webinar.php on line 64.
 1 SYSTEMPATH\View\View.php(216): CodeIgniter\View\View->CodeIgniter\View\{closure}()
 2 SYSTEMPATH\Common.php(1135): CodeIgniter\View\View->render('student/module/webinar', [], true)
 3 APPPATH\Controllers\Webinars.php(21): view('student/module/webinar', [...])
 4 SYSTEMPATH\CodeIgniter.php(896): App\Controllers\Webinars->index()
 5 SYSTEMPATH\CodeIgniter.php(466): CodeIgniter\CodeIgniter->runController(Object(App\Controllers\Webinars))
 6 SYSTEMPATH\CodeIgniter.php(349): CodeIgniter\CodeIgniter->handleRequest(null, Object(Config\Cache), false)
 7 FCPATH\index.php(55): CodeIgniter\CodeIgniter->run()
CRITICAL - 2022-08-29 12:00:12 --> Attempt to read property "content_info_id" on string
in APPPATH\Views\student\module\webinar.php on line 64.
 1 APPPATH\Views\student\module\webinar.php(64): CodeIgniter\Debug\Exceptions->errorHandler(2, 'Attempt to read property "content_info_id" on string', 'APPPATH\\Views\\student\\module\\webinar.php', 64)
 2 SYSTEMPATH\View\View.php(213): include('APPPATH\\Views\\student\\module\\webinar.php')
 3 SYSTEMPATH\View\View.php(216): CodeIgniter\View\View->CodeIgniter\View\{closure}()
 4 SYSTEMPATH\Common.php(1135): CodeIgniter\View\View->render('student/module/webinar', [], true)
 5 APPPATH\Controllers\Webinars.php(21): view('student/module/webinar', [...])
 6 SYSTEMPATH\CodeIgniter.php(896): App\Controllers\Webinars->index()
 7 SYSTEMPATH\CodeIgniter.php(466): CodeIgniter\CodeIgniter->runController(Object(App\Controllers\Webinars))
 8 SYSTEMPATH\CodeIgniter.php(349): CodeIgniter\CodeIgniter->handleRequest(null, Object(Config\Cache), false)
 9 FCPATH\index.php(55): CodeIgniter\CodeIgniter->run()
CRITICAL - 2022-08-29 12:03:59 --> Cannot use object of type stdClass as array
in APPPATH\Views\student\module\webinar.php on line 64.
 1 SYSTEMPATH\View\View.php(213): include()
 2 SYSTEMPATH\View\View.php(216): CodeIgniter\View\View->CodeIgniter\View\{closure}()
 3 SYSTEMPATH\Common.php(1135): CodeIgniter\View\View->render('student/module/webinar', [], true)
 4 APPPATH\Controllers\Webinars.php(21): view('student/module/webinar', [...])
 5 SYSTEMPATH\CodeIgniter.php(896): App\Controllers\Webinars->index()
 6 SYSTEMPATH\CodeIgniter.php(466): CodeIgniter\CodeIgniter->runController(Object(App\Controllers\Webinars))
 7 SYSTEMPATH\CodeIgniter.php(349): CodeIgniter\CodeIgniter->handleRequest(null, Object(Config\Cache), false)
 8 FCPATH\index.php(55): CodeIgniter\CodeIgniter->run()
CRITICAL - 2022-08-29 12:05:06 --> Cannot use object of type stdClass as array
in APPPATH\Views\student\module\webinar.php on line 64.
 1 SYSTEMPATH\View\View.php(213): include()
 2 SYSTEMPATH\View\View.php(216): CodeIgniter\View\View->CodeIgniter\View\{closure}()
 3 SYSTEMPATH\Common.php(1135): CodeIgniter\View\View->render('student/module/webinar', [], true)
 4 APPPATH\Controllers\Webinars.php(21): view('student/module/webinar', [...])
 5 SYSTEMPATH\CodeIgniter.php(896): App\Controllers\Webinars->index()
 6 SYSTEMPATH\CodeIgniter.php(466): CodeIgniter\CodeIgniter->runController(Object(App\Controllers\Webinars))
 7 SYSTEMPATH\CodeIgniter.php(349): CodeIgniter\CodeIgniter->handleRequest(null, Object(Config\Cache), false)
 8 FCPATH\index.php(55): CodeIgniter\CodeIgniter->run()
CRITICAL - 2022-08-29 12:05:19 --> Cannot use object of type stdClass as array
in APPPATH\Views\student\module\webinar.php on line 64.
 1 SYSTEMPATH\View\View.php(213): include()
 2 SYSTEMPATH\View\View.php(216): CodeIgniter\View\View->CodeIgniter\View\{closure}()
 3 SYSTEMPATH\Common.php(1135): CodeIgniter\View\View->render('student/module/webinar', [], true)
 4 APPPATH\Controllers\Webinars.php(21): view('student/module/webinar', [...])
 5 SYSTEMPATH\CodeIgniter.php(896): App\Controllers\Webinars->index()
 6 SYSTEMPATH\CodeIgniter.php(466): CodeIgniter\CodeIgniter->runController(Object(App\Controllers\Webinars))
 7 SYSTEMPATH\CodeIgniter.php(349): CodeIgniter\CodeIgniter->handleRequest(null, Object(Config\Cache), false)
 8 FCPATH\index.php(55): CodeIgniter\CodeIgniter->run()
CRITICAL - 2022-08-29 12:05:31 --> Undefined array key "content_info_id"
in APPPATH\Views\student\module\webinar.php on line 64.
 1 APPPATH\Views\student\module\webinar.php(64): CodeIgniter\Debug\Exceptions->errorHandler(2, 'Undefined array key "content_info_id"', 'APPPATH\\Views\\student\\module\\webinar.php', 64)
 2 SYSTEMPATH\View\View.php(213): include('APPPATH\\Views\\student\\module\\webinar.php')
 3 SYSTEMPATH\View\View.php(216): CodeIgniter\View\View->CodeIgniter\View\{closure}()
 4 SYSTEMPATH\Common.php(1135): CodeIgniter\View\View->render('student/module/webinar', [], true)
 5 APPPATH\Controllers\Webinars.php(21): view('student/module/webinar', [...])
 6 SYSTEMPATH\CodeIgniter.php(896): App\Controllers\Webinars->index()
 7 SYSTEMPATH\CodeIgniter.php(466): CodeIgniter\CodeIgniter->runController(Object(App\Controllers\Webinars))
 8 SYSTEMPATH\CodeIgniter.php(349): CodeIgniter\CodeIgniter->handleRequest(null, Object(Config\Cache), false)
 9 FCPATH\index.php(55): CodeIgniter\CodeIgniter->run()
CRITICAL - 2022-08-29 12:05:43 --> Object of class stdClass could not be converted to string
in APPPATH\Views\student\module\webinar.php on line 64.
 1 SYSTEMPATH\View\View.php(213): include()
 2 SYSTEMPATH\View\View.php(216): CodeIgniter\View\View->CodeIgniter\View\{closure}()
 3 SYSTEMPATH\Common.php(1135): CodeIgniter\View\View->render('student/module/webinar', [], true)
 4 APPPATH\Controllers\Webinars.php(21): view('student/module/webinar', [...])
 5 SYSTEMPATH\CodeIgniter.php(896): App\Controllers\Webinars->index()
 6 SYSTEMPATH\CodeIgniter.php(466): CodeIgniter\CodeIgniter->runController(Object(App\Controllers\Webinars))
 7 SYSTEMPATH\CodeIgniter.php(349): CodeIgniter\CodeIgniter->handleRequest(null, Object(Config\Cache), false)
 8 FCPATH\index.php(55): CodeIgniter\CodeIgniter->run()
CRITICAL - 2022-08-29 12:07:15 --> Cannot use object of type stdClass as array
in APPPATH\Views\student\module\webinar.php on line 65.
 1 SYSTEMPATH\View\View.php(213): include()
 2 SYSTEMPATH\View\View.php(216): CodeIgniter\View\View->CodeIgniter\View\{closure}()
 3 SYSTEMPATH\Common.php(1135): CodeIgniter\View\View->render('student/module/webinar', [], true)
 4 APPPATH\Controllers\Webinars.php(21): view('student/module/webinar', [...])
 5 SYSTEMPATH\CodeIgniter.php(896): App\Controllers\Webinars->index()
 6 SYSTEMPATH\CodeIgniter.php(466): CodeIgniter\CodeIgniter->runController(Object(App\Controllers\Webinars))
 7 SYSTEMPATH\CodeIgniter.php(349): CodeIgniter\CodeIgniter->handleRequest(null, Object(Config\Cache), false)
 8 FCPATH\index.php(55): CodeIgniter\CodeIgniter->run()
