CRITICAL - 2022-07-03 04:45:09 --> syntax error, unexpected ';', expecting ')'
in APPPATH\Controllers\Crops.php on line 48.
 1 SYSTEMPATH\Autoloader\Autoloader.php(261): CodeIgniter\Autoloader\Autoloader->includeFile('APPPATH\\Controllers\\Crops.php')
 2 SYSTEMPATH\Autoloader\Autoloader.php(239): CodeIgniter\Autoloader\Autoloader->loadInNamespace('App\\Controllers\\Crops')
 3 [internal function]: CodeIgniter\Autoloader\Autoloader->loadClass('App\\Controllers\\Crops')
 4 [internal function]: spl_autoload_call('App\\Controllers\\Crops')
 5 SYSTEMPATH\CodeIgniter.php(846): class_exists('\\App\\Controllers\\Crops', true)
 6 SYSTEMPATH\CodeIgniter.php(453): CodeIgniter\CodeIgniter->startController()
 7 SYSTEMPATH\CodeIgniter.php(349): CodeIgniter\CodeIgniter->handleRequest(null, Object(Config\Cache), false)
 8 FCPATH\index.php(55): CodeIgniter\CodeIgniter->run()
CRITICAL - 2022-07-03 04:59:22 --> Call to undefined method CodeIgniter\HTTP\Files\UploadedFile::getRadomName()
in APPPATH\Controllers\Crops.php on line 32.
 1 SYSTEMPATH\CodeIgniter.php(896): App\Controllers\Crops->save()
 2 SYSTEMPATH\CodeIgniter.php(466): CodeIgniter\CodeIgniter->runController(Object(App\Controllers\Crops))
 3 SYSTEMPATH\CodeIgniter.php(349): CodeIgniter\CodeIgniter->handleRequest(null, Object(Config\Cache), false)
 4 FCPATH\index.php(55): CodeIgniter\CodeIgniter->run()
CRITICAL - 2022-07-03 08:03:41 --> Too few arguments to function CodeIgniter\Database\BaseBuilder::where(), 0 passed in C:\xampp\htdocs\projects\Dendrite_Rizoma\App\system\Model.php on line 771 and at least 1 expected
in SYSTEMPATH\Database\BaseBuilder.php on line 672.
 1 SYSTEMPATH\Model.php(771): CodeIgniter\Database\BaseBuilder->where()
 2 APPPATH\Controllers\Crops.php(51): CodeIgniter\Model->__call('where', [])
 3 SYSTEMPATH\CodeIgniter.php(896): App\Controllers\Crops->delete('226')
 4 SYSTEMPATH\CodeIgniter.php(466): CodeIgniter\CodeIgniter->runController(Object(App\Controllers\Crops))
 5 SYSTEMPATH\CodeIgniter.php(349): CodeIgniter\CodeIgniter->handleRequest(null, Object(Config\Cache), false)
 6 FCPATH\index.php(55): CodeIgniter\CodeIgniter->run()
CRITICAL - 2022-07-03 08:08:46 --> unlink(../public/uploads/crops/1656853414_384ab497f2aba09c32b4.jpeg): No such file or directory
in APPPATH\Controllers\Crops.php on line 50.
 1 [internal function]: CodeIgniter\Debug\Exceptions->errorHandler(2, 'unlink(../public/uploads/crops/1656853414_384ab497f2aba09c32b4.jpeg): No such file or directory', 'APPPATH\\Controllers\\Crops.php', 50, [...])
 2 APPPATH\Controllers\Crops.php(50): unlink('../public/uploads/crops/1656853414_384ab497f2aba09c32b4.jpeg')
 3 SYSTEMPATH\CodeIgniter.php(896): App\Controllers\Crops->delete('226')
 4 SYSTEMPATH\CodeIgniter.php(466): CodeIgniter\CodeIgniter->runController(Object(App\Controllers\Crops))
 5 SYSTEMPATH\CodeIgniter.php(349): CodeIgniter\CodeIgniter->handleRequest(null, Object(Config\Cache), false)
 6 FCPATH\index.php(55): CodeIgniter\CodeIgniter->run()
CRITICAL - 2022-07-03 08:09:52 --> unlink(../public/uploads/crops/1656853414_384ab497f2aba09c32b4.jpeg): No such file or directory
in APPPATH\Controllers\Crops.php on line 51.
 1 [internal function]: CodeIgniter\Debug\Exceptions->errorHandler(2, 'unlink(../public/uploads/crops/1656853414_384ab497f2aba09c32b4.jpeg): No such file or directory', 'APPPATH\\Controllers\\Crops.php', 51, [...])
 2 APPPATH\Controllers\Crops.php(51): unlink('../public/uploads/crops/1656853414_384ab497f2aba09c32b4.jpeg')
 3 SYSTEMPATH\CodeIgniter.php(896): App\Controllers\Crops->delete('226')
 4 SYSTEMPATH\CodeIgniter.php(466): CodeIgniter\CodeIgniter->runController(Object(App\Controllers\Crops))
 5 SYSTEMPATH\CodeIgniter.php(349): CodeIgniter\CodeIgniter->handleRequest(null, Object(Config\Cache), false)
 6 FCPATH\index.php(55): CodeIgniter\CodeIgniter->run()
CRITICAL - 2022-07-03 08:10:06 --> unlink(../public/uploads/crops/1656853414_384ab497f2aba09c32b4.jpeg): No such file or directory
in APPPATH\Controllers\Crops.php on line 51.
 1 [internal function]: CodeIgniter\Debug\Exceptions->errorHandler(2, 'unlink(../public/uploads/crops/1656853414_384ab497f2aba09c32b4.jpeg): No such file or directory', 'APPPATH\\Controllers\\Crops.php', 51, [...])
 2 APPPATH\Controllers\Crops.php(51): unlink('../public/uploads/crops/1656853414_384ab497f2aba09c32b4.jpeg')
 3 SYSTEMPATH\CodeIgniter.php(896): App\Controllers\Crops->delete('226')
 4 SYSTEMPATH\CodeIgniter.php(466): CodeIgniter\CodeIgniter->runController(Object(App\Controllers\Crops))
 5 SYSTEMPATH\CodeIgniter.php(349): CodeIgniter\CodeIgniter->handleRequest(null, Object(Config\Cache), false)
 6 FCPATH\index.php(55): CodeIgniter\CodeIgniter->run()
CRITICAL - 2022-07-03 13:46:51 --> Too few arguments to function CodeIgniter\Database\BaseBuilder::where(), 0 passed in C:\xampp\htdocs\projects\Dendrite_Rizoma\App\system\Model.php on line 771 and at least 1 expected
in SYSTEMPATH\Database\BaseBuilder.php on line 672.
 1 SYSTEMPATH\Model.php(771): CodeIgniter\Database\BaseBuilder->where()
 2 APPPATH\Controllers\Crops.php(54): CodeIgniter\Model->__call('where', [])
 3 SYSTEMPATH\CodeIgniter.php(896): App\Controllers\Crops->delete('226')
 4 SYSTEMPATH\CodeIgniter.php(466): CodeIgniter\CodeIgniter->runController(Object(App\Controllers\Crops))
 5 SYSTEMPATH\CodeIgniter.php(349): CodeIgniter\CodeIgniter->handleRequest(null, Object(Config\Cache), false)
 6 FCPATH\index.php(55): CodeIgniter\CodeIgniter->run()
CRITICAL - 2022-07-03 13:47:06 --> Too few arguments to function CodeIgniter\Database\BaseBuilder::where(), 0 passed in C:\xampp\htdocs\projects\Dendrite_Rizoma\App\system\Model.php on line 771 and at least 1 expected
in SYSTEMPATH\Database\BaseBuilder.php on line 672.
 1 SYSTEMPATH\Model.php(771): CodeIgniter\Database\BaseBuilder->where()
 2 APPPATH\Controllers\Crops.php(54): CodeIgniter\Model->__call('where', [])
 3 SYSTEMPATH\CodeIgniter.php(896): App\Controllers\Crops->delete('226')
 4 SYSTEMPATH\CodeIgniter.php(466): CodeIgniter\CodeIgniter->runController(Object(App\Controllers\Crops))
 5 SYSTEMPATH\CodeIgniter.php(349): CodeIgniter\CodeIgniter->handleRequest(null, Object(Config\Cache), false)
 6 FCPATH\index.php(55): CodeIgniter\CodeIgniter->run()
CRITICAL - 2022-07-03 13:56:52 --> unlink(../public/uploads/crops/): Is a directory
in APPPATH\Controllers\Crops.php on line 53.
 1 [internal function]: CodeIgniter\Debug\Exceptions->errorHandler(2, 'unlink(../public/uploads/crops/): Is a directory', 'APPPATH\\Controllers\\Crops.php', 53, [...])
 2 APPPATH\Controllers\Crops.php(53): unlink('FCPATH\\uploads\\crops')
 3 SYSTEMPATH\CodeIgniter.php(896): App\Controllers\Crops->delete('226')
 4 SYSTEMPATH\CodeIgniter.php(466): CodeIgniter\CodeIgniter->runController(Object(App\Controllers\Crops))
 5 SYSTEMPATH\CodeIgniter.php(349): CodeIgniter\CodeIgniter->handleRequest(null, Object(Config\Cache), false)
 6 FCPATH\index.php(55): CodeIgniter\CodeIgniter->run()
CRITICAL - 2022-07-03 16:46:34 --> Cannot use object of type CodeIgniter\HTTP\Files\UploadedFile as array
in APPPATH\Controllers\Crops.php on line 82.
 1 SYSTEMPATH\CodeIgniter.php(896): App\Controllers\Crops->update()
 2 SYSTEMPATH\CodeIgniter.php(466): CodeIgniter\CodeIgniter->runController(Object(App\Controllers\Crops))
 3 SYSTEMPATH\CodeIgniter.php(349): CodeIgniter\CodeIgniter->handleRequest(null, Object(Config\Cache), false)
 4 FCPATH\index.php(55): CodeIgniter\CodeIgniter->run()
CRITICAL - 2022-07-03 16:47:40 --> Cannot use object of type CodeIgniter\HTTP\Files\UploadedFile as array
in APPPATH\Controllers\Crops.php on line 83.
 1 SYSTEMPATH\CodeIgniter.php(896): App\Controllers\Crops->update()
 2 SYSTEMPATH\CodeIgniter.php(466): CodeIgniter\CodeIgniter->runController(Object(App\Controllers\Crops))
 3 SYSTEMPATH\CodeIgniter.php(349): CodeIgniter\CodeIgniter->handleRequest(null, Object(Config\Cache), false)
 4 FCPATH\index.php(55): CodeIgniter\CodeIgniter->run()
CRITICAL - 2022-07-03 16:48:14 --> Call to undefined method CodeIgniter\HTTP\Files\UploadedFile::filename()
in APPPATH\Controllers\Crops.php on line 83.
 1 SYSTEMPATH\CodeIgniter.php(896): App\Controllers\Crops->update()
 2 SYSTEMPATH\CodeIgniter.php(466): CodeIgniter\CodeIgniter->runController(Object(App\Controllers\Crops))
 3 SYSTEMPATH\CodeIgniter.php(349): CodeIgniter\CodeIgniter->handleRequest(null, Object(Config\Cache), false)
 4 FCPATH\index.php(55): CodeIgniter\CodeIgniter->run()
CRITICAL - 2022-07-03 16:51:29 --> syntax error, unexpected 'var_dump' (T_STRING)
in APPPATH\Controllers\Crops.php on line 83.
 1 SYSTEMPATH\Autoloader\Autoloader.php(261): CodeIgniter\Autoloader\Autoloader->includeFile('APPPATH\\Controllers\\Crops.php')
 2 SYSTEMPATH\Autoloader\Autoloader.php(239): CodeIgniter\Autoloader\Autoloader->loadInNamespace('App\\Controllers\\Crops')
 3 [internal function]: CodeIgniter\Autoloader\Autoloader->loadClass('App\\Controllers\\Crops')
 4 [internal function]: spl_autoload_call('App\\Controllers\\Crops')
 5 SYSTEMPATH\CodeIgniter.php(846): class_exists('\\App\\Controllers\\Crops', true)
 6 SYSTEMPATH\CodeIgniter.php(453): CodeIgniter\CodeIgniter->startController()
 7 SYSTEMPATH\CodeIgniter.php(349): CodeIgniter\CodeIgniter->handleRequest(null, Object(Config\Cache), false)
 8 FCPATH\index.php(55): CodeIgniter\CodeIgniter->run()
