CRITICAL - 2022-07-14 14:51:06 --> syntax error, unexpected '$data' (T_VARIABLE), expecting ';' or '{'
in APPPATH\Controllers\Crops.php on line 116.
 1 SYSTEMPATH\Autoloader\Autoloader.php(261): CodeIgniter\Autoloader\Autoloader->includeFile('APPPATH\\Controllers\\Crops.php')
 2 SYSTEMPATH\Autoloader\Autoloader.php(239): CodeIgniter\Autoloader\Autoloader->loadInNamespace('App\\Controllers\\Crops')
 3 [internal function]: CodeIgniter\Autoloader\Autoloader->loadClass('App\\Controllers\\Crops')
 4 [internal function]: spl_autoload_call('App\\Controllers\\Crops')
 5 SYSTEMPATH\CodeIgniter.php(846): class_exists('\\App\\Controllers\\Crops', true)
 6 SYSTEMPATH\CodeIgniter.php(453): CodeIgniter\CodeIgniter->startController()
 7 SYSTEMPATH\CodeIgniter.php(349): CodeIgniter\CodeIgniter->handleRequest(null, Object(Config\Cache), false)
 8 FCPATH\index.php(55): CodeIgniter\CodeIgniter->run()
CRITICAL - 2022-07-14 15:56:22 --> Invalid argument supplied for foreach()
in APPPATH\Views\crop\to_list.php on line 98.
 1 APPPATH\Views\crop\to_list.php(98): CodeIgniter\Debug\Exceptions->errorHandler(2, 'Invalid argument supplied for foreach()', 'APPPATH\\Views\\crop\\to_list.php', 98, [])
 2 SYSTEMPATH\View\View.php(213): include('APPPATH\\Views\\crop\\to_list.php')
 3 SYSTEMPATH\View\View.php(216): CodeIgniter\View\View->CodeIgniter\View\{closure}()
 4 SYSTEMPATH\Common.php(1135): CodeIgniter\View\View->render('crop/to_list', [], true)
 5 APPPATH\Controllers\Crops.php(29): view('crop/to_list')
 6 SYSTEMPATH\CodeIgniter.php(896): App\Controllers\Crops->index()
 7 SYSTEMPATH\CodeIgniter.php(466): CodeIgniter\CodeIgniter->runController(Object(App\Controllers\Crops))
 8 SYSTEMPATH\CodeIgniter.php(349): CodeIgniter\CodeIgniter->handleRequest(null, Object(Config\Cache), false)
 9 FCPATH\index.php(55): CodeIgniter\CodeIgniter->run()
ERROR - 2022-07-14 18:15:02 --> Cannot add or update a child row: a foreign key constraint fails (`dendrite_rizoma`.`crop`, CONSTRAINT `crop_crop_type` FOREIGN KEY (`id_crop_type`) REFERENCES `crop_type` (`id_crop_type`))
ERROR - 2022-07-14 18:16:03 --> Cannot add or update a child row: a foreign key constraint fails (`dendrite_rizoma`.`crop`, CONSTRAINT `crop_crop_type` FOREIGN KEY (`id_crop_type`) REFERENCES `crop_type` (`id_crop_type`))
