ERROR - 2022-09-19 13:35:18 --> You have an error in your SQL syntax; check the manual that corresponds to your MariaDB server version for the right syntax to use near ')' at line 1
CRITICAL - 2022-09-19 13:35:18 --> You have an error in your SQL syntax; check the manual that corresponds to your MariaDB server version for the right syntax to use near ')' at line 1
in SYSTEMPATH\Database\MySQLi\Connection.php on line 292.
 1 SYSTEMPATH\Database\MySQLi\Connection.php(292): mysqli->query('CALL sp_content_info_quiz(,)', 0)
 2 SYSTEMPATH\Database\BaseConnection.php(695): CodeIgniter\Database\MySQLi\Connection->execute('CALL sp_content_info_quiz(,)')
 3 SYSTEMPATH\Database\BaseConnection.php(609): CodeIgniter\Database\BaseConnection->simpleQuery('CALL sp_content_info_quiz(,)')
 4 APPPATH\Models\Content_info.php(21): CodeIgniter\Database\BaseConnection->query('CALL sp_content_info_quiz(,)')
 5 APPPATH\Controllers\Content_infos.php(121): App\Models\Content_info->select_content_info_quiz(null, null)
 6 SYSTEMPATH\CodeIgniter.php(896): App\Controllers\Content_infos->showQuiz()
 7 SYSTEMPATH\CodeIgniter.php(466): CodeIgniter\CodeIgniter->runController(Object(App\Controllers\Content_infos))
 8 SYSTEMPATH\CodeIgniter.php(349): CodeIgniter\CodeIgniter->handleRequest(null, Object(Config\Cache), false)
 9 FCPATH\index.php(55): CodeIgniter\CodeIgniter->run()
ERROR - 2022-09-19 13:35:18 --> You have an error in your SQL syntax; check the manual that corresponds to your MariaDB server version for the right syntax to use near ')' at line 1
CRITICAL - 2022-09-19 13:35:18 --> You have an error in your SQL syntax; check the manual that corresponds to your MariaDB server version for the right syntax to use near ')' at line 1
in SYSTEMPATH\Database\MySQLi\Connection.php on line 292.
 1 SYSTEMPATH\Database\MySQLi\Connection.php(292): mysqli->query('CALL sp_content_info_quiz(,)', 0)
 2 SYSTEMPATH\Database\BaseConnection.php(695): CodeIgniter\Database\MySQLi\Connection->execute('CALL sp_content_info_quiz(,)')
 3 SYSTEMPATH\Database\BaseConnection.php(609): CodeIgniter\Database\BaseConnection->simpleQuery('CALL sp_content_info_quiz(,)')
 4 APPPATH\Models\Content_info.php(21): CodeIgniter\Database\BaseConnection->query('CALL sp_content_info_quiz(,)')
 5 APPPATH\Controllers\Content_infos.php(121): App\Models\Content_info->select_content_info_quiz(null, null)
 6 SYSTEMPATH\CodeIgniter.php(896): App\Controllers\Content_infos->showQuiz()
 7 SYSTEMPATH\CodeIgniter.php(466): CodeIgniter\CodeIgniter->runController(Object(App\Controllers\Content_infos))
 8 SYSTEMPATH\CodeIgniter.php(349): CodeIgniter\CodeIgniter->handleRequest(null, Object(Config\Cache), false)
 9 FCPATH\index.php(55): CodeIgniter\CodeIgniter->run()
ERROR - 2022-09-19 13:35:43 --> You have an error in your SQL syntax; check the manual that corresponds to your MariaDB server version for the right syntax to use near ')' at line 1
CRITICAL - 2022-09-19 13:35:43 --> You have an error in your SQL syntax; check the manual that corresponds to your MariaDB server version for the right syntax to use near ')' at line 1
in SYSTEMPATH\Database\MySQLi\Connection.php on line 292.
 1 SYSTEMPATH\Database\MySQLi\Connection.php(292): mysqli->query('CALL sp_content_info_quiz(,)', 0)
 2 SYSTEMPATH\Database\BaseConnection.php(695): CodeIgniter\Database\MySQLi\Connection->execute('CALL sp_content_info_quiz(,)')
 3 SYSTEMPATH\Database\BaseConnection.php(609): CodeIgniter\Database\BaseConnection->simpleQuery('CALL sp_content_info_quiz(,)')
 4 APPPATH\Models\Content_info.php(21): CodeIgniter\Database\BaseConnection->query('CALL sp_content_info_quiz(,)')
 5 APPPATH\Controllers\Content_infos.php(121): App\Models\Content_info->select_content_info_quiz(null, null)
 6 SYSTEMPATH\CodeIgniter.php(896): App\Controllers\Content_infos->showQuiz()
 7 SYSTEMPATH\CodeIgniter.php(466): CodeIgniter\CodeIgniter->runController(Object(App\Controllers\Content_infos))
 8 SYSTEMPATH\CodeIgniter.php(349): CodeIgniter\CodeIgniter->handleRequest(null, Object(Config\Cache), false)
 9 FCPATH\index.php(55): CodeIgniter\CodeIgniter->run()
ERROR - 2022-09-19 13:39:01 --> You have an error in your SQL syntax; check the manual that corresponds to your MariaDB server version for the right syntax to use near ')' at line 1
CRITICAL - 2022-09-19 13:39:01 --> You have an error in your SQL syntax; check the manual that corresponds to your MariaDB server version for the right syntax to use near ')' at line 1
in SYSTEMPATH\Database\MySQLi\Connection.php on line 292.
 1 SYSTEMPATH\Database\MySQLi\Connection.php(292): mysqli->query('CALL sp_content_info_quiz(,)', 0)
 2 SYSTEMPATH\Database\BaseConnection.php(695): CodeIgniter\Database\MySQLi\Connection->execute('CALL sp_content_info_quiz(,)')
 3 SYSTEMPATH\Database\BaseConnection.php(609): CodeIgniter\Database\BaseConnection->simpleQuery('CALL sp_content_info_quiz(,)')
 4 APPPATH\Models\Content_info.php(21): CodeIgniter\Database\BaseConnection->query('CALL sp_content_info_quiz(,)')
 5 APPPATH\Controllers\Content_infos.php(127): App\Models\Content_info->select_content_info_quiz(null, null)
 6 SYSTEMPATH\CodeIgniter.php(896): App\Controllers\Content_infos->showQuiz()
 7 SYSTEMPATH\CodeIgniter.php(466): CodeIgniter\CodeIgniter->runController(Object(App\Controllers\Content_infos))
 8 SYSTEMPATH\CodeIgniter.php(349): CodeIgniter\CodeIgniter->handleRequest(null, Object(Config\Cache), false)
 9 FCPATH\index.php(55): CodeIgniter\CodeIgniter->run()
ERROR - 2022-09-19 13:40:02 --> You have an error in your SQL syntax; check the manual that corresponds to your MariaDB server version for the right syntax to use near ')' at line 1
CRITICAL - 2022-09-19 13:40:02 --> You have an error in your SQL syntax; check the manual that corresponds to your MariaDB server version for the right syntax to use near ')' at line 1
in SYSTEMPATH\Database\MySQLi\Connection.php on line 292.
 1 SYSTEMPATH\Database\MySQLi\Connection.php(292): mysqli->query('CALL sp_content_info_quiz(,)', 0)
 2 SYSTEMPATH\Database\BaseConnection.php(695): CodeIgniter\Database\MySQLi\Connection->execute('CALL sp_content_info_quiz(,)')
 3 SYSTEMPATH\Database\BaseConnection.php(609): CodeIgniter\Database\BaseConnection->simpleQuery('CALL sp_content_info_quiz(,)')
 4 APPPATH\Models\Content_info.php(21): CodeIgniter\Database\BaseConnection->query('CALL sp_content_info_quiz(,)')
 5 APPPATH\Controllers\Content_infos.php(126): App\Models\Content_info->select_content_info_quiz(null, null)
 6 SYSTEMPATH\CodeIgniter.php(896): App\Controllers\Content_infos->showQuiz()
 7 SYSTEMPATH\CodeIgniter.php(466): CodeIgniter\CodeIgniter->runController(Object(App\Controllers\Content_infos))
 8 SYSTEMPATH\CodeIgniter.php(349): CodeIgniter\CodeIgniter->handleRequest(null, Object(Config\Cache), false)
 9 FCPATH\index.php(55): CodeIgniter\CodeIgniter->run()
ERROR - 2022-09-19 13:40:07 --> You have an error in your SQL syntax; check the manual that corresponds to your MariaDB server version for the right syntax to use near ')' at line 1
CRITICAL - 2022-09-19 13:40:07 --> You have an error in your SQL syntax; check the manual that corresponds to your MariaDB server version for the right syntax to use near ')' at line 1
in SYSTEMPATH\Database\MySQLi\Connection.php on line 292.
 1 SYSTEMPATH\Database\MySQLi\Connection.php(292): mysqli->query('CALL sp_content_info_quiz(,)', 0)
 2 SYSTEMPATH\Database\BaseConnection.php(695): CodeIgniter\Database\MySQLi\Connection->execute('CALL sp_content_info_quiz(,)')
 3 SYSTEMPATH\Database\BaseConnection.php(609): CodeIgniter\Database\BaseConnection->simpleQuery('CALL sp_content_info_quiz(,)')
 4 APPPATH\Models\Content_info.php(21): CodeIgniter\Database\BaseConnection->query('CALL sp_content_info_quiz(,)')
 5 APPPATH\Controllers\Content_infos.php(126): App\Models\Content_info->select_content_info_quiz(null, null)
 6 SYSTEMPATH\CodeIgniter.php(896): App\Controllers\Content_infos->showQuiz()
 7 SYSTEMPATH\CodeIgniter.php(466): CodeIgniter\CodeIgniter->runController(Object(App\Controllers\Content_infos))
 8 SYSTEMPATH\CodeIgniter.php(349): CodeIgniter\CodeIgniter->handleRequest(null, Object(Config\Cache), false)
 9 FCPATH\index.php(55): CodeIgniter\CodeIgniter->run()
CRITICAL - 2022-09-19 13:40:49 --> Cannot use isset() on the result of an expression (you can use "null !== expression" instead)
in APPPATH\Controllers\Content_infos.php on line 123.
 1 [internal function]: CodeIgniter\Debug\Exceptions->shutdownHandler()
ERROR - 2022-09-19 13:41:27 --> You have an error in your SQL syntax; check the manual that corresponds to your MariaDB server version for the right syntax to use near ')' at line 1
CRITICAL - 2022-09-19 13:41:27 --> You have an error in your SQL syntax; check the manual that corresponds to your MariaDB server version for the right syntax to use near ')' at line 1
in SYSTEMPATH\Database\MySQLi\Connection.php on line 292.
 1 SYSTEMPATH\Database\MySQLi\Connection.php(292): mysqli->query('CALL sp_content_info_quiz(,)', 0)
 2 SYSTEMPATH\Database\BaseConnection.php(695): CodeIgniter\Database\MySQLi\Connection->execute('CALL sp_content_info_quiz(,)')
 3 SYSTEMPATH\Database\BaseConnection.php(609): CodeIgniter\Database\BaseConnection->simpleQuery('CALL sp_content_info_quiz(,)')
 4 APPPATH\Models\Content_info.php(21): CodeIgniter\Database\BaseConnection->query('CALL sp_content_info_quiz(,)')
 5 APPPATH\Controllers\Content_infos.php(126): App\Models\Content_info->select_content_info_quiz(null, null)
 6 SYSTEMPATH\CodeIgniter.php(896): App\Controllers\Content_infos->showQuiz()
 7 SYSTEMPATH\CodeIgniter.php(466): CodeIgniter\CodeIgniter->runController(Object(App\Controllers\Content_infos))
 8 SYSTEMPATH\CodeIgniter.php(349): CodeIgniter\CodeIgniter->handleRequest(null, Object(Config\Cache), false)
 9 FCPATH\index.php(55): CodeIgniter\CodeIgniter->run()
ERROR - 2022-09-19 13:41:32 --> You have an error in your SQL syntax; check the manual that corresponds to your MariaDB server version for the right syntax to use near ')' at line 1
CRITICAL - 2022-09-19 13:41:32 --> You have an error in your SQL syntax; check the manual that corresponds to your MariaDB server version for the right syntax to use near ')' at line 1
in SYSTEMPATH\Database\MySQLi\Connection.php on line 292.
 1 SYSTEMPATH\Database\MySQLi\Connection.php(292): mysqli->query('CALL sp_content_info_quiz(,)', 0)
 2 SYSTEMPATH\Database\BaseConnection.php(695): CodeIgniter\Database\MySQLi\Connection->execute('CALL sp_content_info_quiz(,)')
 3 SYSTEMPATH\Database\BaseConnection.php(609): CodeIgniter\Database\BaseConnection->simpleQuery('CALL sp_content_info_quiz(,)')
 4 APPPATH\Models\Content_info.php(21): CodeIgniter\Database\BaseConnection->query('CALL sp_content_info_quiz(,)')
 5 APPPATH\Controllers\Content_infos.php(126): App\Models\Content_info->select_content_info_quiz(null, null)
 6 SYSTEMPATH\CodeIgniter.php(896): App\Controllers\Content_infos->showQuiz()
 7 SYSTEMPATH\CodeIgniter.php(466): CodeIgniter\CodeIgniter->runController(Object(App\Controllers\Content_infos))
 8 SYSTEMPATH\CodeIgniter.php(349): CodeIgniter\CodeIgniter->handleRequest(null, Object(Config\Cache), false)
 9 FCPATH\index.php(55): CodeIgniter\CodeIgniter->run()
ERROR - 2022-09-19 13:42:14 --> You have an error in your SQL syntax; check the manual that corresponds to your MariaDB server version for the right syntax to use near ')' at line 1
CRITICAL - 2022-09-19 13:42:14 --> You have an error in your SQL syntax; check the manual that corresponds to your MariaDB server version for the right syntax to use near ')' at line 1
in SYSTEMPATH\Database\MySQLi\Connection.php on line 292.
 1 SYSTEMPATH\Database\MySQLi\Connection.php(292): mysqli->query('CALL sp_content_info_quiz(,)', 0)
 2 SYSTEMPATH\Database\BaseConnection.php(695): CodeIgniter\Database\MySQLi\Connection->execute('CALL sp_content_info_quiz(,)')
 3 SYSTEMPATH\Database\BaseConnection.php(609): CodeIgniter\Database\BaseConnection->simpleQuery('CALL sp_content_info_quiz(,)')
 4 APPPATH\Models\Content_info.php(21): CodeIgniter\Database\BaseConnection->query('CALL sp_content_info_quiz(,)')
 5 APPPATH\Controllers\Content_infos.php(126): App\Models\Content_info->select_content_info_quiz(null, null)
 6 SYSTEMPATH\CodeIgniter.php(896): App\Controllers\Content_infos->showQuiz()
 7 SYSTEMPATH\CodeIgniter.php(466): CodeIgniter\CodeIgniter->runController(Object(App\Controllers\Content_infos))
 8 SYSTEMPATH\CodeIgniter.php(349): CodeIgniter\CodeIgniter->handleRequest(null, Object(Config\Cache), false)
 9 FCPATH\index.php(55): CodeIgniter\CodeIgniter->run()
CRITICAL - 2022-09-19 18:16:15 --> Undefined array key 0
in APPPATH\Views\student\module\quiz.php on line 66.
 1 APPPATH\Views\student\module\quiz.php(66): CodeIgniter\Debug\Exceptions->errorHandler(2, 'Undefined array key 0', 'APPPATH\\Views\\student\\module\\quiz.php', 66)
 2 SYSTEMPATH\View\View.php(213): include('APPPATH\\Views\\student\\module\\quiz.php')
 3 SYSTEMPATH\View\View.php(216): CodeIgniter\View\View->CodeIgniter\View\{closure}()
 4 SYSTEMPATH\Common.php(1135): CodeIgniter\View\View->render('student/module/quiz', [], true)
 5 APPPATH\Controllers\Content_infos.php(136): view('student/module/quiz', [...])
 6 SYSTEMPATH\CodeIgniter.php(896): App\Controllers\Content_infos->showQuiz()
 7 SYSTEMPATH\CodeIgniter.php(466): CodeIgniter\CodeIgniter->runController(Object(App\Controllers\Content_infos))
 8 SYSTEMPATH\CodeIgniter.php(349): CodeIgniter\CodeIgniter->handleRequest(null, Object(Config\Cache), false)
 9 FCPATH\index.php(55): CodeIgniter\CodeIgniter->run()
CRITICAL - 2022-09-19 18:22:05 --> Undefined variable $content_questions
in APPPATH\Views\student\module\assessment.php on line 66.
 1 APPPATH\Views\student\module\assessment.php(66): CodeIgniter\Debug\Exceptions->errorHandler(2, 'Undefined variable $content_questions', 'APPPATH\\Views\\student\\module\\assessment.php', 66)
 2 SYSTEMPATH\View\View.php(213): include('APPPATH\\Views\\student\\module\\assessment.php')
 3 SYSTEMPATH\View\View.php(216): CodeIgniter\View\View->CodeIgniter\View\{closure}()
 4 SYSTEMPATH\Common.php(1135): CodeIgniter\View\View->render('student/module/assessment', [], true)
 5 APPPATH\Controllers\Content_infos.php(105): view('student/module/assessment', [...])
 6 SYSTEMPATH\CodeIgniter.php(896): App\Controllers\Content_infos->showContent()
 7 SYSTEMPATH\CodeIgniter.php(466): CodeIgniter\CodeIgniter->runController(Object(App\Controllers\Content_infos))
 8 SYSTEMPATH\CodeIgniter.php(349): CodeIgniter\CodeIgniter->handleRequest(null, Object(Config\Cache), false)
 9 FCPATH\index.php(55): CodeIgniter\CodeIgniter->run()
